 
                                                                        07/30/21  21:51  ADS NASTRAN VERSION 14.0.0.202  PAGE      1
 
 
 
 
 
 
 
 
                *********   *         *  ***********   *********   **********   **********   *********   *         *
               *         *  *         *       *       *         *  *         *  *           *            *       *
               *         *  *         *       *       *         *  *         *  *           *            *     *
               *         *  *         *       *       *         *  *         *  *           *            *   *
               *         *  *         *       *       *         *  *         *  *           *            * *
               ***********  *         *       *       *         *  *         *  **********   *********   *
               *         *  *         *       *       *         *  *         *  *                     *  * *
               *         *  *         *       *       *         *  *         *  *                     *  *   *
               *         *  *         *       *       *         *  *         *  *                     *  *     *
               *         *  *         *       *       *         *  *         *  *                     *  *       *
               *         *   *********        *        *********   **********   **********   *********   *         *
 
 
                     *         *   *********    *********   ***********  **********    *********   *         *
                     **        *  *         *  *                 *       *         *  *         *  **        *
                     * *       *  *         *  *                 *       *         *  *         *  * *       *
                     *  *      *  *         *  *                 *       *         *  *         *  *  *      *
                     *   *     *  *         *  *                 *       *         *  *         *  *   *     *
                     *    *    *  ***********   *********        *       **********   ***********  *    *    *
                     *     *   *  *         *            *       *       *     *      *         *  *     *   *
                     *      *  *  *         *            *       *       *      *     *         *  *      *  *
                     *       * *  *         *            *       *       *       *    *         *  *       * *
                     *        **  *         *            *       *       *        *   *         *  *        **
                     *         *  *         *   *********        *       *         *  *         *  *         *
 
 
 
 
                                                          A U T O D E S K
 
 
 
                                          REGISTERED TO:    INCAD_INVENTOR_2020_SP0
 
                                          SERIAL NUMBER:    AIX-IX86-01100-0
 
                                          PROGRAM VERSION:  14.0.0.202
 
                                          CPU VERSION:      Intel Pentium
 
                                          OS VERSION:       Windows x64
 
                                          DEVELOPED BY:     Autodesk, Inc
                                                            111 McInnis Parkway
                                                            San Rafael, CA 949033
 
                                                            Support Phone  866-487-8680
                                                            Support URL    subscription.autodesk.com
                                                            Product URL    autodesk.com/simulation-software
 
 
 
                                          Software (C) Copyright 2016
                                          Autodesk, Inc.
                                          All Rights Reserved.
 
                                          Integrated PCGLSS Solver (C) Copyright 1992-2014
                                          Computational Applications and System Integration, Inc.
 
                                          NASTRAN is a registered trademark of the National Aeronautics
 
 
 
 
 
 
                                                                        07/30/21  21:51  ADS NASTRAN VERSION 14.0.0.202  PAGE      2
 
 
 
 
 
 
 
 
                                          and Space Administration.
 
 
 
 
 
 
 
                                                                        07/30/21  21:51  ADS NASTRAN VERSION 14.0.0.202  PAGE      3
 
 
 
 
                                  M O D E L   I N I T I A L I Z A T I O N   D I R E C T I V E S
 
 
 
 
 [FILE MANAGEMENT DIRECTIVES]
 
 DATABASE         = pkfd50uhz.NDB
 FILESIGNATURE    = D5PD
 FILEBUFFERSIZE   = 100
 FILESPEC         = C:\ProgramData\Autodesk\Nastran 2020\Temp\NDBD5PD.TMP\
 NFILEBUFFER      = 1
 PURGE            = ON
 RSLTFILEPURGE    = ON
 
 [OUTPUT CONTROL DIRECTIVES]
 
 BULKDATAOUT      = OFF
 BULKDATASORT     = ON
 DISKSTATUS       = ON
 ELAPSEDTIME      = OFF
 FEMAPRSLTVECTID  = ON
 INCRRSLTOUT      = ON
 LEFTMARGIN       = 1
 LINE             = 75
 MEMORYSTATUS     = ON
 MODLDATAFORMAT   = 3
 MODLDATAOUT      = ON
 MODLINITOUT      = ON
 MODLSTATUS       = DISPLAY
 OUTCONTSYMBOL    = OFF
 OUTDISPGEOMMODE  = 1
 OUTDISPSETID     = 100
 OUTGRIDOFFSET    = 100000
 OUTLOADSETID     = 100
 OUTPAGEFORMAT    = OFF
 OUTSPCSETID      = 100
 OUTSTRNSETID     = 100
 OUTTEMPSETID     = 100
 OUTZEROVECT      = OFF
 PCHFILEDBLEPRCS  = OFF
 PCHFILETYPE      = NASTRAN
 RSLTFILECOMP     = AUTO
 RSLTFILEDBLEPRCS = OFF
 RSLTFILETYPE     = FEMAP BINARY
 SECONDS          = ON
 SYSTEMSTATUS     = OFF
 TRSLDISPDATA     = OFF
 TRSLDMIDATA      = OFF
 TRSLMODLDATA     = OFF
 TRSLPRESDATA     = OFF
 TRSLRBSEDATA     = OFF
 TRSLSPCDATA      = OFF
 TRSLSTRNDATA     = OFF
 TRSLTEMPDATA     = OFF
 XYPLOTCSVOUT     = OFF
 
 [MEMORY MANAGEMENT DIRECTIVES]
 
 MAXRAM           = 0
 MINRAM           = 0
 RAM              = 0
 RESERVEDRAM      = 0
 
 
 
 
 
 
 
                                                                        07/30/21  21:51  ADS NASTRAN VERSION 14.0.0.202  PAGE      4
 
 
 
 
                                  M O D E L   I N I T I A L I Z A T I O N   D I R E C T I V E S
 
 
 
 [PROGRAM CONTROL DIRECTIVES]
 
 DECOMPAUTOSIZE   = 50000
 DECOMPMETHOD     = AUTO
 DYNRSLTMETHOD    = AUTO
 EXTRACTAUTOSIZE  = 10000
 EXTRACTMETHOD    = AUTO
 GPWEIGHTMETHOD   = AUTO
 LICENSEMANAGER   = ADLM
 RESTART          = OFF
 RSPECDISPMETHOD  = NODAL
 RSPECVECTMETHOD  = ON
 SHELLEGRID       = OFF
 SOLIDEGRID       = OFF
 WAITFORLICENSE   = 3
 
 
 
 
 
 
 
 
                                                                        07/30/21  21:51  ADS NASTRAN VERSION 14.0.0.202  PAGE      5
 
 
 
 
                         S U B C A S E   C O N S T R A I N T   A N D   L O A D   S E T   D E F I N I T I O N
 
    SUBCASE                                LABEL                               CONSTRAINT SET IDS             LOAD SET IDS
      ID                                                                         SPC        MPC       LOAD      DEFORM   TEMPERATURE
        2     SUBCASE 2                                                            1       NONE          1       NONE       NONE
 
 
 
 
 
 
 
 
                                                                        07/30/21  21:51  ADS NASTRAN VERSION 14.0.0.202  PAGE      6
 
 
 
 
                          R E C T A N G U L A R   C O O R D I N A T E   S Y S T E M   D E F I N I T I O N
 
  COORDINATE   ORIGIN COORDINATES          X-AXIS DIRECTION COSINES       Y-AXIS DIRECTION COSINES       Z-AXIS DIRECTION COSINES
      ID     X1        X2        X3         V1        V2        V3         V1        V2        V3         V1        V2        V3
        1-8.168E+01-1.096E+01 7.062E+00  1.000E+00 0.000E+00 0.000E+00  0.000E+00 1.000E+00 0.000E+00  0.000E+00 0.000E+00 1.000E+00
        2-7.142E+01 2.108E+02 2.794E+01  5.463E-01-8.376E-01 0.000E+00  0.000E+00 0.000E+00-1.000E+00  8.376E-01 5.463E-01 0.000E+00
        3-1.067E+02-1.846E+01-1.206E+01 -3.168E-02 9.995E-01 0.000E+00  0.000E+00 0.000E+00-1.000E+00 -9.995E-01-3.168E-02 0.000E+00
        4-5.668E+01-1.846E+01-1.206E+01 -9.857E-01 1.685E-01 0.000E+00  0.000E+00 0.000E+00-1.000E+00 -1.685E-01-9.857E-01 0.000E+00
        5-9.684E+01 1.318E+02 1.841E+01 -4.472E-01 8.945E-01 0.000E+00  0.000E+00 0.000E+00-1.000E+00 -8.945E-01-4.472E-01 0.000E+00
        6 1.332E+01 2.654E+01 3.429E+01  9.208E-01-3.901E-01 0.000E+00  0.000E+00 0.000E+00-1.000E+00  3.901E-01 9.208E-01 0.000E+00
        7-4.168E+01 9.154E+01 3.429E+01  5.559E-01 8.313E-01 0.000E+00  0.000E+00 0.000E+00-1.000E+00 -8.313E-01 5.559E-01 0.000E+00
        8-7.668E+01 9.154E+01 3.429E+01  1.000E+00 0.000E+00 0.000E+00  0.000E+00 0.000E+00-1.000E+00  0.000E+00 1.000E+00 0.000E+00
        9-1.139E+02 8.504E+01 1.841E+01  9.003E-01 4.353E-01 0.000E+00  0.000E+00 0.000E+00-1.000E+00 -4.353E-01 9.003E-01 0.000E+00
       10-4.168E+01 9.354E+01 4.062E+00 -1.000E+00 0.000E+00 0.000E+00  0.000E+00 1.000E+00 0.000E+00  0.000E+00 0.000E+00-1.000E+00
       11-4.894E+01 8.784E+01 4.125E+00 -6.760E-01-7.369E-01 0.000E+00 -7.369E-01 6.760E-01 0.000E+00  0.000E+00 0.000E+00-1.000E+00
       12-1.212E+02 1.049E+02 1.206E+01 -9.085E-01 4.178E-01 0.000E+00  4.178E-01 9.085E-01 0.000E+00  0.000E+00 0.000E+00-1.000E+00
       13-1.417E+02 6.544E+00 2.794E+01  1.000E+00 0.000E+00 0.000E+00  0.000E+00 1.000E+00 0.000E+00  0.000E+00 0.000E+00 1.000E+00
       14-9.962E+01 2.142E+02-2.554E+00  0.000E+00 0.000E+00-1.000E+00  8.623E-01 5.064E-01 0.000E+00  5.064E-01-8.623E-01 0.000E+00
       15-7.142E+01 2.108E+02 3.062E+00 -8.623E-01-5.064E-01 0.000E+00  0.000E+00 0.000E+00-1.000E+00  5.064E-01-8.623E-01 0.000E+00
       16-7.142E+01 2.108E+02 4.062E+00  0.000E+00 0.000E+00-1.000E+00  8.771E-01 4.802E-01 0.000E+00  4.802E-01-8.771E-01 0.000E+00
       17-1.006E+02 1.101E+02-2.492E+00  0.000E+00 0.000E+00-1.000E+00  1.630E-01-9.866E-01 0.000E+00 -9.866E-01-1.630E-01 0.000E+00
       18-1.139E+02 8.504E+01 3.125E+00 -1.630E-01 9.866E-01-1.673E-27 -9.867E-16-1.631E-16-1.000E+00 -9.866E-01-1.630E-01 1.000E-15
       19-1.139E+02 8.504E+01 4.125E+00 -9.912E-16-1.333E-16-1.000E+00  1.333E-01-9.911E-01 0.000E+00 -9.911E-01-1.333E-01 1.000E-15
       20-1.046E+02 8.641E+01-2.554E+00  0.000E+00 0.000E+00-1.000E+00  6.730E-01 7.396E-01 0.000E+00  7.396E-01-6.730E-01 0.000E+00
       21-7.668E+01 9.154E+01 3.062E+00 -6.730E-01-7.396E-01 0.000E+00  0.000E+00 0.000E+00-1.000E+00  7.396E-01-6.730E-01 0.000E+00
       22-7.668E+01 9.154E+01 4.062E+00  0.000E+00 0.000E+00-1.000E+00  6.950E-01 7.190E-01 0.000E+00  7.190E-01-6.950E-01 0.000E+00
       23-7.416E+01 1.147E+02-1.043E+01  0.000E+00 0.000E+00-1.000E+00 -1.000E+00-4.687E-03 0.000E+00 -4.687E-03 1.000E+00 0.000E+00
       24-9.684E+01 1.318E+02-4.812E+00  1.000E+00 4.687E-03 0.000E+00  0.000E+00 0.000E+00-1.000E+00 -4.687E-03 1.000E+00 0.000E+00
       25-9.684E+01 1.318E+02-3.812E+00  0.000E+00 0.000E+00-1.000E+00 -9.997E-01 2.537E-02 0.000E+00  2.537E-02 9.997E-01 0.000E+00
       26-1.021E+01 1.062E+01-2.492E+00  0.000E+00 0.000E+00-1.000E+00  3.194E-01 9.476E-01 0.000E+00  9.476E-01-3.194E-01 0.000E+00
       27 1.332E+01 2.654E+01 3.125E+00 -3.194E-01-9.476E-01 0.000E+00  0.000E+00 0.000E+00-1.000E+00  9.476E-01-3.194E-01 0.000E+00
       28 1.332E+01 2.654E+01 4.125E+00  0.000E+00 0.000E+00-1.000E+00  3.478E-01 9.376E-01 0.000E+00  9.376E-01-3.478E-01 0.000E+00
       29-1.422E+01 9.878E+01-1.455E+01  0.000E+00 0.000E+00-1.000E+00 -6.151E-01-7.884E-01 0.000E+00 -7.884E-01 6.151E-01 0.000E+00
       30-4.168E+01 9.154E+01-8.938E+00  6.151E-01 7.884E-01 0.000E+00  0.000E+00 0.000E+00-1.000E+00 -7.884E-01 6.151E-01 0.000E+00
       31-4.168E+01 9.154E+01-7.938E+00  0.000E+00 0.000E+00-1.000E+00 -6.385E-01-7.696E-01 0.000E+00 -7.696E-01 6.385E-01 0.000E+00
       32-8.948E+01-4.106E+01 2.162E+01  0.000E+00 0.000E+00 1.000E+00  0.000E+00 1.000E+00 0.000E+00 -1.000E+00 0.000E+00 0.000E+00
       33-1.067E+02-1.846E+01 1.600E+01  0.000E+00-1.000E+00 0.000E+00  9.999E-15 0.000E+00 1.000E+00 -1.000E+00 0.000E+00 9.999E-15
       34-1.067E+02-1.846E+01 1.500E+01  9.995E-15 3.005E-16 1.000E+00 -3.005E-02 9.995E-01 0.000E+00 -9.995E-01-3.005E-02 9.999E-15
       35-3.948E+01-4.106E+01 2.162E+01  0.000E+00 0.000E+00 1.000E+00  0.000E+00 1.000E+00 0.000E+00 -1.000E+00 0.000E+00 0.000E+00
       36-5.668E+01-1.846E+01 1.600E+01  0.000E+00-1.000E+00 0.000E+00  9.999E-15 0.000E+00 1.000E+00 -1.000E+00 0.000E+00 9.999E-15
       37-5.668E+01-1.846E+01 1.500E+01  9.995E-15 3.005E-16 1.000E+00 -3.005E-02 9.995E-01 0.000E+00 -9.995E-01-3.005E-02 9.999E-15
       38 3.496E+01 4.737E+02 1.206E+01  3.155E-01 9.489E-01 0.000E+00 -9.489E-01 3.155E-01 0.000E+00  0.000E+00 0.000E+00 1.000E+00
       39-4.233E+01 2.190E+02 1.206E+01  3.155E-01 9.489E-01 0.000E+00  9.489E-01-3.155E-01 0.000E+00  0.000E+00 0.000E+00-1.000E+00
 
 
 
 
 
 
 
 
                                                                        07/30/21  21:51  ADS NASTRAN VERSION 14.0.0.202  PAGE      7
 
 
 
 
                                  S O L I D   E L E M E N T   P R O P E R T Y   D E F I N I T I O N
 
   PROPERTY     MATERIAL      MATERIAL
      ID           ID       COORDINATE ID
        3            1               0
 
 
 
 
 
 
 
 
                                                                        07/30/21  21:51  ADS NASTRAN VERSION 14.0.0.202  PAGE      8
 
 
 
 
                                      I S O T R O P I C   M A T E R I A L   D E F I N I T I O N
 
   MATERIAL           E            G           NU           RHO         ALPHA        T-REF
      ID
        1         2.200E+05    8.627E+04    2.750E-01    7.850E-09    1.200E-05    0.000E+00
 
 
 
 
 
 
 
 
                                                                        07/30/21  21:51  ADS NASTRAN VERSION 14.0.0.202  PAGE      9
 
 
 
 
                              S U B C A S E   V E C T O R   O U T P U T   S E T   D E F I N I T I O N
 
    SUBCASE          LOAD         DISPLACEMENT       VELOCITY       ACCELERATION       SPC FORCE        MPC FORCE
      ID            VECTOR           VECTOR           VECTOR           VECTOR           VECTOR           VECTOR
        2             ALL              ALL             NONE             NONE              ALL             NONE
 
 
 
 
 
 
 
 
                                                                        07/30/21  21:51  ADS NASTRAN VERSION 14.0.0.202  PAGE     10
 
 
 
 
                             S U B C A S E   E L E M E N T   O U T P U T   S E T   D E F I N I T I O N
 
    SUBCASE         ELEMENT          ELEMENT          ELEMENT          ELEMENT
      ID             FORCE           STRESS           STRAIN        STRAIN ENERGY
        2             ALL              ALL              ALL              ALL
 
 
 
 
 
 
 
 
                                                                        07/30/21  21:51  ADS NASTRAN VERSION 14.0.0.202  PAGE     11
 
 
 
 
                                S U B C A S E   G R I D   O U T P U T   S E T   D E F I N I T I O N
 
    SUBCASE        GRID POINT      GRID POINT       GRID POINT    GRID POINT STRESS
      ID             FORCE           STRESS           STRAIN        DISCONTINUITY
        2            NONE             NONE             NONE             NONE
 
 
 
 
 
 
 
 
                                                                        07/30/21  21:51  ADS NASTRAN VERSION 14.0.0.202  PAGE     12
 
 
 
 
                                                  V O L U M E   D E F I N I T I O N
 
    VOLUME     ELEMENT SET     COORDINATE
      ID           ID              ID
        0          ALL             GRID
 
 
 
 
 
 
 
 
                                                                        07/30/21  21:51  ADS NASTRAN VERSION 14.0.0.202  PAGE     13
 
 
 
 
                                         M O D E L   P A R A M E T E R   D E F I N I T I O N
 
 
 
 
 ELEMENT STIFFNESS MATRIX FORMULATION PARAMETERS
 
 TET ELEMENT INTERNAL NODE                         = OFF
 TET ELEMENT REDUCED ORDER INTEGRATION             = ON
 
 
 
 MODEL SOLUTION SEQUENCE PARAMETERS
 
 STIFFNESS MATRIX AUTOMATIC SINGLE POINT CONSTRAINT                                = ON
 STIFFNESS MATRIX DIAGONAL RATIO TOLERANCE FOR AUTOMATIC SINGLE POINT CONSTRAINT   = 1.000000E-08
 STIFFNESS MATRIX FACTOR DIAGONAL RATIO TOLERANCE FOR MECHANISM DETECTION          = 1.000000E+05
 FLOATING POINT PRECISION CONSTANT FOR STIFFNESS MATRIX FACTORIZATION              = 1.000000E-15
 MODEL RESULTS FLOATING POINT ZERO TOLERANCE                                       = 1.000000E-15
 
 
 
 
 
 
 
                                                                        07/30/21  21:51  ADS NASTRAN VERSION 14.0.0.202  PAGE     14
 
 
 
 
                                                M O D E L   D A T A B A S E   S I Z E
 
 
 
 
 MODEL DATABASE SIZE
 
 SUBCASES                     =        1
 COORDINATE SYSTEMS           =       39
 GRID POINTS                  =    19773
 ELEMENTS                     =     9079
 ELEMENT PROPERTIES           =        1
 MATERIAL PROPERTIES          =        1
 SINGLE POINT CONSTRAINTS     =      552
 GRID POINT FORCES            =      156
 SETS                         =        1
 VOLUMES                      =        1
 
 
 
 
 
 
 
                                                                        07/30/21  21:51  ADS NASTRAN VERSION 14.0.0.202  PAGE     15
 
 
 
 
 
 
 
 
 
 MODEL SIZE    =       59319 DEGREES OF FREEDOM
 MATRIX SIZE   =     2063871 WORDS       15.7 MEGABYTES
 SEMIBANDWIDTH =         248 WORDS
 
 MODEL GENERALIZED SHAPE RATIO = 4.7369E-01
 
 WARNING G3015: TET ELEMENT 407 HAS AN INTERIOR ANGLE LESS THAN 10.0
 
 WARNING G3015: TET ELEMENT 409 HAS AN INTERIOR ANGLE LESS THAN 10.0
 
 WARNING G3015: TET ELEMENT 411 HAS AN INTERIOR ANGLE LESS THAN 10.0
 
 WARNING G3015: TET ELEMENT 412 HAS AN INTERIOR ANGLE LESS THAN 10.0
 
 WARNING G3015: TET ELEMENT 457 HAS AN INTERIOR ANGLE LESS THAN 10.0
 
 WARNING G3015: TET ELEMENT 458 HAS AN INTERIOR ANGLE LESS THAN 10.0
 
 WARNING G3015: TET ELEMENT 514 HAS AN INTERIOR ANGLE LESS THAN 10.0
 
 WARNING G3015: TET ELEMENT 515 HAS AN INTERIOR ANGLE LESS THAN 10.0
 
 WARNING G3015: TET ELEMENT 517 HAS AN INTERIOR ANGLE LESS THAN 10.0
 
 WARNING G3015: TET ELEMENT 518 HAS AN INTERIOR ANGLE LESS THAN 10.0
 
 WARNING G3015: TET ELEMENT 519 HAS AN INTERIOR ANGLE LESS THAN 10.0
 
 WARNING G3015: TET ELEMENT 520 HAS AN INTERIOR ANGLE LESS THAN 10.0
 
 WARNING G3015: TET ELEMENT 521 HAS AN INTERIOR ANGLE LESS THAN 10.0
 
 WARNING G3015: TET ELEMENT 522 HAS AN INTERIOR ANGLE LESS THAN 10.0
 
 WARNING G3015: TET ELEMENT 625 HAS AN INTERIOR ANGLE LESS THAN 10.0
 
 WARNING G3015: TET ELEMENT 627 HAS AN INTERIOR ANGLE LESS THAN 10.0
 
 WARNING G3015: TET ELEMENT 629 HAS AN INTERIOR ANGLE LESS THAN 10.0
 
 WARNING G3015: TET ELEMENT 630 HAS AN INTERIOR ANGLE LESS THAN 10.0
 
 WARNING G3015: TET ELEMENT 631 HAS AN INTERIOR ANGLE LESS THAN 10.0
 
 WARNING G3015: TET ELEMENT 632 HAS AN INTERIOR ANGLE LESS THAN 10.0
 
 WARNING G3015: TET ELEMENT 633 HAS AN INTERIOR ANGLE LESS THAN 10.0
 
 WARNING G3015: TET ELEMENT 634 HAS AN INTERIOR ANGLE LESS THAN 10.0
 
 WARNING G3015: TET ELEMENT 745 HAS AN INTERIOR ANGLE LESS THAN 10.0
 
 WARNING G3015: TET ELEMENT 746 HAS AN INTERIOR ANGLE LESS THAN 10.0
 
 WARNING G3015: TET ELEMENT 747 HAS AN INTERIOR ANGLE LESS THAN 10.0
 
 WARNING G3015: TET ELEMENT 748 HAS AN INTERIOR ANGLE LESS THAN 10.0
 
 WARNING G3015: TET ELEMENT 798 HAS AN INTERIOR ANGLE LESS THAN 10.0
 
 
 
 
 
 
                                                                        07/30/21  21:51  ADS NASTRAN VERSION 14.0.0.202  PAGE     16
 
 
 
 
 
 
 
 
 
 WARNING G3015: TET ELEMENT 799 HAS AN INTERIOR ANGLE LESS THAN 10.0
 
 WARNING G3015: TET ELEMENT 858 HAS AN INTERIOR ANGLE LESS THAN 10.0
 
 WARNING G3015: TET ELEMENT 859 HAS AN INTERIOR ANGLE LESS THAN 10.0
 
 WARNING G3015: TET ELEMENT 860 HAS AN INTERIOR ANGLE LESS THAN 10.0
 
 WARNING G3015: TET ELEMENT 861 HAS AN INTERIOR ANGLE LESS THAN 10.0
 
 WARNING G3015: TET ELEMENT 956 HAS AN INTERIOR ANGLE LESS THAN 10.0
 
 WARNING G3015: TET ELEMENT 958 HAS AN INTERIOR ANGLE LESS THAN 10.0
 
 WARNING G3015: TET ELEMENT 959 HAS AN INTERIOR ANGLE LESS THAN 10.0
 
 WARNING G3015: TET ELEMENT 960 HAS AN INTERIOR ANGLE LESS THAN 10.0
 
 WARNING G3015: TET ELEMENT 961 HAS AN INTERIOR ANGLE LESS THAN 10.0
 
 WARNING G3015: TET ELEMENT 962 HAS AN INTERIOR ANGLE LESS THAN 10.0
 
 WARNING G3015: TET ELEMENT 963 HAS AN INTERIOR ANGLE LESS THAN 10.0
 
 WARNING G3015: TET ELEMENT 964 HAS AN INTERIOR ANGLE LESS THAN 10.0
 
 WARNING G3015: TET ELEMENT 1067 HAS AN INTERIOR ANGLE LESS THAN 10.0
 
 WARNING G3015: TET ELEMENT 1068 HAS AN INTERIOR ANGLE LESS THAN 10.0
 
 WARNING G3015: TET ELEMENT 1069 HAS AN INTERIOR ANGLE LESS THAN 10.0
 
 WARNING G3015: TET ELEMENT 1070 HAS AN INTERIOR ANGLE LESS THAN 10.0
 
 WARNING G3015: TET ELEMENT 1186 HAS AN INTERIOR ANGLE LESS THAN 10.0
 
 WARNING G3015: TET ELEMENT 1187 HAS AN INTERIOR ANGLE LESS THAN 10.0
 
 WARNING G3015: TET ELEMENT 1188 HAS AN INTERIOR ANGLE LESS THAN 10.0
 
 WARNING G3015: TET ELEMENT 1189 HAS AN INTERIOR ANGLE LESS THAN 10.0
 
 WARNING G3015: TET ELEMENT 1578 HAS AN INTERIOR ANGLE LESS THAN 10.0
 
 WARNING G3015: TET ELEMENT 1580 HAS AN INTERIOR ANGLE LESS THAN 10.0
 
 WARNING G3015: TET ELEMENT 1588 HAS AN INTERIOR ANGLE LESS THAN 10.0
 
 WARNING G3015: TET ELEMENT 3477 HAS AN INTERIOR ANGLE LESS THAN 10.0
 
 WARNING G3012: TET ELEMENT 3496 HAS A SKEW ANGLE GREATER THAN 80.0
 
 WARNING G3015: TET ELEMENT 3496 HAS AN INTERIOR ANGLE LESS THAN 10.0
 
 WARNING G3012: TET ELEMENT 4268 HAS A SKEW ANGLE GREATER THAN 80.0
 
 WARNING G3015: TET ELEMENT 4268 HAS AN INTERIOR ANGLE LESS THAN 10.0
 
 WARNING G3012: TET ELEMENT 4295 HAS A SKEW ANGLE GREATER THAN 80.0
 
 
 
 
 
 
                                                                        07/30/21  21:51  ADS NASTRAN VERSION 14.0.0.202  PAGE     17
 
 
 
 
 
 
 
 
 
 WARNING G3015: TET ELEMENT 4295 HAS AN INTERIOR ANGLE LESS THAN 10.0
 
 WARNING G3015: TET ELEMENT 4338 HAS AN INTERIOR ANGLE LESS THAN 10.0
 
 WARNING G3015: TET ELEMENT 5558 HAS AN INTERIOR ANGLE LESS THAN 10.0
 
 WARNING G3015: TET ELEMENT 6099 HAS AN INTERIOR ANGLE LESS THAN 10.0
 
 WARNING G3012: TET ELEMENT 6223 HAS A SKEW ANGLE GREATER THAN 80.0
 
 WARNING G3015: TET ELEMENT 6223 HAS AN INTERIOR ANGLE LESS THAN 10.0
 
 WARNING G3015: TET ELEMENT 6319 HAS AN INTERIOR ANGLE LESS THAN 10.0
 
 WARNING G3015: TET ELEMENT 6320 HAS AN INTERIOR ANGLE LESS THAN 10.0
 
 WARNING G3015: TET ELEMENT 6334 HAS AN INTERIOR ANGLE LESS THAN 10.0
 
 WARNING G3015: TET ELEMENT 6335 HAS AN INTERIOR ANGLE LESS THAN 10.0
 
 WARNING G3015: TET ELEMENT 6339 HAS AN INTERIOR ANGLE LESS THAN 10.0
 
 WARNING G3015: TET ELEMENT 6341 HAS AN INTERIOR ANGLE LESS THAN 10.0
 
 WARNING G3015: TET ELEMENT 6342 HAS AN INTERIOR ANGLE LESS THAN 10.0
 
 WARNING G3015: TET ELEMENT 6345 HAS AN INTERIOR ANGLE LESS THAN 10.0
 
 WARNING G3015: TET ELEMENT 6351 HAS AN INTERIOR ANGLE LESS THAN 10.0
 
 WARNING G3015: TET ELEMENT 6352 HAS AN INTERIOR ANGLE LESS THAN 10.0
 
 WARNING G3015: TET ELEMENT 6354 HAS AN INTERIOR ANGLE LESS THAN 10.0
 
 WARNING G3015: TET ELEMENT 6355 HAS AN INTERIOR ANGLE LESS THAN 10.0
 
 WARNING G3015: TET ELEMENT 6356 HAS AN INTERIOR ANGLE LESS THAN 10.0
 
 WARNING G3015: TET ELEMENT 6358 HAS AN INTERIOR ANGLE LESS THAN 10.0
 
 WARNING G3015: TET ELEMENT 6360 HAS AN INTERIOR ANGLE LESS THAN 10.0
 
 WARNING G3015: TET ELEMENT 6362 HAS AN INTERIOR ANGLE LESS THAN 10.0
 
 WARNING G3015: TET ELEMENT 6374 HAS AN INTERIOR ANGLE LESS THAN 10.0
 
 WARNING G3015: TET ELEMENT 6387 HAS AN INTERIOR ANGLE LESS THAN 10.0
 
 WARNING G3015: TET ELEMENT 6390 HAS AN INTERIOR ANGLE LESS THAN 10.0
 
 WARNING G3015: TET ELEMENT 6391 HAS AN INTERIOR ANGLE LESS THAN 10.0
 
 WARNING G3015: TET ELEMENT 6401 HAS AN INTERIOR ANGLE LESS THAN 10.0
 
 WARNING G3015: TET ELEMENT 6404 HAS AN INTERIOR ANGLE LESS THAN 10.0
 
 WARNING G3015: TET ELEMENT 6438 HAS AN INTERIOR ANGLE LESS THAN 10.0
 
 WARNING G3015: TET ELEMENT 6444 HAS AN INTERIOR ANGLE LESS THAN 10.0
 
 
 
 
 
 
                                                                        07/30/21  21:51  ADS NASTRAN VERSION 14.0.0.202  PAGE     18
 
 
 
 
 
 
 
 
 
 WARNING G3015: TET ELEMENT 6496 HAS AN INTERIOR ANGLE LESS THAN 10.0
 
 WARNING G3015: TET ELEMENT 6499 HAS AN INTERIOR ANGLE LESS THAN 10.0
 
 WARNING G3015: TET ELEMENT 6500 HAS AN INTERIOR ANGLE LESS THAN 10.0
 
 WARNING G3015: TET ELEMENT 6502 HAS AN INTERIOR ANGLE LESS THAN 10.0
 
 WARNING G3015: TET ELEMENT 6503 HAS AN INTERIOR ANGLE LESS THAN 10.0
 
 WARNING G3015: TET ELEMENT 6505 HAS AN INTERIOR ANGLE LESS THAN 10.0
 
 WARNING G3015: TET ELEMENT 6506 HAS AN INTERIOR ANGLE LESS THAN 10.0
 
 WARNING G3015: TET ELEMENT 6508 HAS AN INTERIOR ANGLE LESS THAN 10.0
 
 WARNING G3015: TET ELEMENT 6509 HAS AN INTERIOR ANGLE LESS THAN 10.0
 
 WARNING G3015: TET ELEMENT 6510 HAS AN INTERIOR ANGLE LESS THAN 10.0
 
 WARNING G3015: TET ELEMENT 6511 HAS AN INTERIOR ANGLE LESS THAN 10.0
 
 WARNING G3015: TET ELEMENT 6512 HAS AN INTERIOR ANGLE LESS THAN 10.0
 
 WARNING G3015: TET ELEMENT 6513 HAS AN INTERIOR ANGLE LESS THAN 10.0
 
 WARNING G3015: TET ELEMENT 6514 HAS AN INTERIOR ANGLE LESS THAN 10.0
 
 WARNING G3015: TET ELEMENT 6516 HAS AN INTERIOR ANGLE LESS THAN 10.0
 
 WARNING G3015: TET ELEMENT 6517 HAS AN INTERIOR ANGLE LESS THAN 10.0
 
 WARNING G3015: TET ELEMENT 6518 HAS AN INTERIOR ANGLE LESS THAN 10.0
 
 WARNING G3015: TET ELEMENT 6519 HAS AN INTERIOR ANGLE LESS THAN 10.0
 
 WARNING G3015: TET ELEMENT 6520 HAS AN INTERIOR ANGLE LESS THAN 10.0
 
 WARNING G3015: TET ELEMENT 6522 HAS AN INTERIOR ANGLE LESS THAN 10.0
 
 WARNING G3015: TET ELEMENT 6523 HAS AN INTERIOR ANGLE LESS THAN 10.0
 
 WARNING G3015: TET ELEMENT 6524 HAS AN INTERIOR ANGLE LESS THAN 10.0
 
 WARNING G3015: TET ELEMENT 6527 HAS AN INTERIOR ANGLE LESS THAN 10.0
 
 WARNING G3015: TET ELEMENT 6528 HAS AN INTERIOR ANGLE LESS THAN 10.0
 
 WARNING G3015: TET ELEMENT 6532 HAS AN INTERIOR ANGLE LESS THAN 10.0
 
 WARNING G3015: TET ELEMENT 6533 HAS AN INTERIOR ANGLE LESS THAN 10.0
 
 WARNING G3015: TET ELEMENT 6535 HAS AN INTERIOR ANGLE LESS THAN 10.0
 
 WARNING G3015: TET ELEMENT 6536 HAS AN INTERIOR ANGLE LESS THAN 10.0
 
 WARNING G3015: TET ELEMENT 6537 HAS AN INTERIOR ANGLE LESS THAN 10.0
 
 WARNING G3015: TET ELEMENT 6538 HAS AN INTERIOR ANGLE LESS THAN 10.0
 
 
 
 
 
 
                                                                        07/30/21  21:51  ADS NASTRAN VERSION 14.0.0.202  PAGE     19
 
 
 
 
 
 
 
 
 
 WARNING G3015: TET ELEMENT 6539 HAS AN INTERIOR ANGLE LESS THAN 10.0
 
 WARNING G3015: TET ELEMENT 6540 HAS AN INTERIOR ANGLE LESS THAN 10.0
 
 WARNING G3015: TET ELEMENT 6541 HAS AN INTERIOR ANGLE LESS THAN 10.0
 
 WARNING G3015: TET ELEMENT 6542 HAS AN INTERIOR ANGLE LESS THAN 10.0
 
 WARNING G3015: TET ELEMENT 6543 HAS AN INTERIOR ANGLE LESS THAN 10.0
 
 WARNING G3015: TET ELEMENT 6545 HAS AN INTERIOR ANGLE LESS THAN 10.0
 
 WARNING G3015: TET ELEMENT 6546 HAS AN INTERIOR ANGLE LESS THAN 10.0
 
 WARNING G3015: TET ELEMENT 6567 HAS AN INTERIOR ANGLE LESS THAN 10.0
 
 WARNING G3015: TET ELEMENT 6568 HAS AN INTERIOR ANGLE LESS THAN 10.0
 
 WARNING G3015: TET ELEMENT 6569 HAS AN INTERIOR ANGLE LESS THAN 10.0
 
 WARNING G3015: TET ELEMENT 6572 HAS AN INTERIOR ANGLE LESS THAN 10.0
 
 WARNING G3015: TET ELEMENT 6579 HAS AN INTERIOR ANGLE LESS THAN 10.0
 
 WARNING G3015: TET ELEMENT 6582 HAS AN INTERIOR ANGLE LESS THAN 10.0
 
 WARNING G3012: TET ELEMENT 6587 HAS A SKEW ANGLE GREATER THAN 80.0
 
 WARNING G3015: TET ELEMENT 6587 HAS AN INTERIOR ANGLE LESS THAN 10.0
 
 WARNING G3015: TET ELEMENT 6588 HAS AN INTERIOR ANGLE LESS THAN 10.0
 
 WARNING G3015: TET ELEMENT 6589 HAS AN INTERIOR ANGLE LESS THAN 10.0
 
 WARNING G3015: TET ELEMENT 6590 HAS AN INTERIOR ANGLE LESS THAN 10.0
 
 WARNING G3015: TET ELEMENT 6591 HAS AN INTERIOR ANGLE LESS THAN 10.0
 
 WARNING G3015: TET ELEMENT 6592 HAS AN INTERIOR ANGLE LESS THAN 10.0
 
 WARNING G3015: TET ELEMENT 6595 HAS AN INTERIOR ANGLE LESS THAN 10.0
 
 WARNING G3015: TET ELEMENT 6597 HAS AN INTERIOR ANGLE LESS THAN 10.0
 
 WARNING G3015: TET ELEMENT 6599 HAS AN INTERIOR ANGLE LESS THAN 10.0
 
 WARNING G3015: TET ELEMENT 6617 HAS AN INTERIOR ANGLE LESS THAN 10.0
 
 WARNING G3015: TET ELEMENT 6628 HAS AN INTERIOR ANGLE LESS THAN 10.0
 
 WARNING G3015: TET ELEMENT 6632 HAS AN INTERIOR ANGLE LESS THAN 10.0
 
 WARNING G3015: TET ELEMENT 6636 HAS AN INTERIOR ANGLE LESS THAN 10.0
 
 WARNING G3015: TET ELEMENT 6640 HAS AN INTERIOR ANGLE LESS THAN 10.0
 
 WARNING G3015: TET ELEMENT 6691 HAS AN INTERIOR ANGLE LESS THAN 10.0
 
 WARNING G3015: TET ELEMENT 6694 HAS AN INTERIOR ANGLE LESS THAN 10.0
 
 
 
 
 
 
                                                                        07/30/21  21:51  ADS NASTRAN VERSION 14.0.0.202  PAGE     20
 
 
 
 
 
 
 
 
 
 WARNING G3015: TET ELEMENT 6702 HAS AN INTERIOR ANGLE LESS THAN 10.0
 
 WARNING G3012: TET ELEMENT 6703 HAS A SKEW ANGLE GREATER THAN 80.0
 
 WARNING G3015: TET ELEMENT 6703 HAS AN INTERIOR ANGLE LESS THAN 10.0
 
 WARNING G3015: TET ELEMENT 6710 HAS AN INTERIOR ANGLE LESS THAN 10.0
 
 WARNING G3015: TET ELEMENT 6736 HAS AN INTERIOR ANGLE LESS THAN 10.0
 
 WARNING G3015: TET ELEMENT 6738 HAS AN INTERIOR ANGLE LESS THAN 10.0
 
 WARNING G3015: TET ELEMENT 6739 HAS AN INTERIOR ANGLE LESS THAN 10.0
 
 WARNING G3015: TET ELEMENT 6741 HAS AN INTERIOR ANGLE LESS THAN 10.0
 
 WARNING G3015: TET ELEMENT 6742 HAS AN INTERIOR ANGLE LESS THAN 10.0
 
 WARNING G3015: TET ELEMENT 6743 HAS AN INTERIOR ANGLE LESS THAN 10.0
 
 WARNING G3015: TET ELEMENT 6744 HAS AN INTERIOR ANGLE LESS THAN 10.0
 
 WARNING G3015: TET ELEMENT 6745 HAS AN INTERIOR ANGLE LESS THAN 10.0
 
 WARNING G3015: TET ELEMENT 6749 HAS AN INTERIOR ANGLE LESS THAN 10.0
 
 WARNING G3015: TET ELEMENT 6750 HAS AN INTERIOR ANGLE LESS THAN 10.0
 
 WARNING G3015: TET ELEMENT 6751 HAS AN INTERIOR ANGLE LESS THAN 10.0
 
 WARNING G3015: TET ELEMENT 6752 HAS AN INTERIOR ANGLE LESS THAN 10.0
 
 WARNING G3015: TET ELEMENT 6753 HAS AN INTERIOR ANGLE LESS THAN 10.0
 
 WARNING G3015: TET ELEMENT 6754 HAS AN INTERIOR ANGLE LESS THAN 10.0
 
 WARNING G3015: TET ELEMENT 6755 HAS AN INTERIOR ANGLE LESS THAN 10.0
 
 WARNING G3015: TET ELEMENT 6757 HAS AN INTERIOR ANGLE LESS THAN 10.0
 
 WARNING G3015: TET ELEMENT 6758 HAS AN INTERIOR ANGLE LESS THAN 10.0
 
 WARNING G3015: TET ELEMENT 6759 HAS AN INTERIOR ANGLE LESS THAN 10.0
 
 WARNING G3015: TET ELEMENT 6760 HAS AN INTERIOR ANGLE LESS THAN 10.0
 
 WARNING G3015: TET ELEMENT 6761 HAS AN INTERIOR ANGLE LESS THAN 10.0
 
 WARNING G3015: TET ELEMENT 6764 HAS AN INTERIOR ANGLE LESS THAN 10.0
 
 WARNING G3015: TET ELEMENT 6765 HAS AN INTERIOR ANGLE LESS THAN 10.0
 
 WARNING G3015: TET ELEMENT 6766 HAS AN INTERIOR ANGLE LESS THAN 10.0
 
 WARNING G3015: TET ELEMENT 6767 HAS AN INTERIOR ANGLE LESS THAN 10.0
 
 WARNING G3015: TET ELEMENT 6769 HAS AN INTERIOR ANGLE LESS THAN 10.0
 
 WARNING G3015: TET ELEMENT 6770 HAS AN INTERIOR ANGLE LESS THAN 10.0
 
 
 
 
 
 
                                                                        07/30/21  21:51  ADS NASTRAN VERSION 14.0.0.202  PAGE     21
 
 
 
 
 
 
 
 
 
 WARNING G3015: TET ELEMENT 6771 HAS AN INTERIOR ANGLE LESS THAN 10.0
 
 WARNING G3015: TET ELEMENT 6773 HAS AN INTERIOR ANGLE LESS THAN 10.0
 
 WARNING G3015: TET ELEMENT 6774 HAS AN INTERIOR ANGLE LESS THAN 10.0
 
 WARNING G3015: TET ELEMENT 6775 HAS AN INTERIOR ANGLE LESS THAN 10.0
 
 WARNING G3015: TET ELEMENT 6776 HAS AN INTERIOR ANGLE LESS THAN 10.0
 
 WARNING G3015: TET ELEMENT 6777 HAS AN INTERIOR ANGLE LESS THAN 10.0
 
 WARNING G3015: TET ELEMENT 6779 HAS AN INTERIOR ANGLE LESS THAN 10.0
 
 WARNING G3015: TET ELEMENT 6780 HAS AN INTERIOR ANGLE LESS THAN 10.0
 
 WARNING G3015: TET ELEMENT 6782 HAS AN INTERIOR ANGLE LESS THAN 10.0
 
 WARNING G3015: TET ELEMENT 6783 HAS AN INTERIOR ANGLE LESS THAN 10.0
 
 WARNING G3015: TET ELEMENT 6801 HAS AN INTERIOR ANGLE LESS THAN 10.0
 
 WARNING G3015: TET ELEMENT 6809 HAS AN INTERIOR ANGLE LESS THAN 10.0
 
 WARNING G3015: TET ELEMENT 6815 HAS AN INTERIOR ANGLE LESS THAN 10.0
 
 WARNING G3012: TET ELEMENT 6816 HAS A SKEW ANGLE GREATER THAN 80.0
 
 WARNING G3015: TET ELEMENT 6816 HAS AN INTERIOR ANGLE LESS THAN 10.0
 
 WARNING G3015: TET ELEMENT 6817 HAS AN INTERIOR ANGLE LESS THAN 10.0
 
 WARNING G3015: TET ELEMENT 6819 HAS AN INTERIOR ANGLE LESS THAN 10.0
 
 WARNING G3015: TET ELEMENT 6820 HAS AN INTERIOR ANGLE LESS THAN 10.0
 
 WARNING G3015: TET ELEMENT 6822 HAS AN INTERIOR ANGLE LESS THAN 10.0
 
 WARNING G3015: TET ELEMENT 6824 HAS AN INTERIOR ANGLE LESS THAN 10.0
 
 WARNING G3015: TET ELEMENT 6826 HAS AN INTERIOR ANGLE LESS THAN 10.0
 
 WARNING G3015: TET ELEMENT 6827 HAS AN INTERIOR ANGLE LESS THAN 10.0
 
 WARNING G3015: TET ELEMENT 6846 HAS AN INTERIOR ANGLE LESS THAN 10.0
 
 WARNING G3015: TET ELEMENT 6847 HAS AN INTERIOR ANGLE LESS THAN 10.0
 
 WARNING G3015: TET ELEMENT 6858 HAS AN INTERIOR ANGLE LESS THAN 10.0
 
 WARNING G3015: TET ELEMENT 6859 HAS AN INTERIOR ANGLE LESS THAN 10.0
 
 WARNING G3012: TET ELEMENT 6918 HAS A SKEW ANGLE GREATER THAN 80.0
 
 WARNING G3015: TET ELEMENT 6918 HAS AN INTERIOR ANGLE LESS THAN 10.0
 
 WARNING G3015: TET ELEMENT 6919 HAS AN INTERIOR ANGLE LESS THAN 10.0
 
 WARNING G3015: TET ELEMENT 6920 HAS AN INTERIOR ANGLE LESS THAN 10.0
 
 
 
 
 
 
                                                                        07/30/21  21:51  ADS NASTRAN VERSION 14.0.0.202  PAGE     22
 
 
 
 
 
 
 
 
 
 WARNING G3015: TET ELEMENT 6935 HAS AN INTERIOR ANGLE LESS THAN 10.0
 
 WARNING G3015: TET ELEMENT 6937 HAS AN INTERIOR ANGLE LESS THAN 10.0
 
 WARNING G3015: TET ELEMENT 6938 HAS AN INTERIOR ANGLE LESS THAN 10.0
 
 WARNING G3015: TET ELEMENT 6945 HAS AN INTERIOR ANGLE LESS THAN 10.0
 
 WARNING G3015: TET ELEMENT 6946 HAS AN INTERIOR ANGLE LESS THAN 10.0
 
 WARNING G3015: TET ELEMENT 6955 HAS AN INTERIOR ANGLE LESS THAN 10.0
 
 WARNING G3015: TET ELEMENT 6960 HAS AN INTERIOR ANGLE LESS THAN 10.0
 
 WARNING G3015: TET ELEMENT 6973 HAS AN INTERIOR ANGLE LESS THAN 10.0
 
 WARNING G3015: TET ELEMENT 6974 HAS AN INTERIOR ANGLE LESS THAN 10.0
 
 WARNING G3015: TET ELEMENT 6975 HAS AN INTERIOR ANGLE LESS THAN 10.0
 
 WARNING G3015: TET ELEMENT 6976 HAS AN INTERIOR ANGLE LESS THAN 10.0
 
 WARNING G3015: TET ELEMENT 6977 HAS AN INTERIOR ANGLE LESS THAN 10.0
 
 WARNING G3015: TET ELEMENT 6979 HAS AN INTERIOR ANGLE LESS THAN 10.0
 
 WARNING G3015: TET ELEMENT 6980 HAS AN INTERIOR ANGLE LESS THAN 10.0
 
 WARNING G3015: TET ELEMENT 6981 HAS AN INTERIOR ANGLE LESS THAN 10.0
 
 WARNING G3015: TET ELEMENT 6983 HAS AN INTERIOR ANGLE LESS THAN 10.0
 
 WARNING G3015: TET ELEMENT 6984 HAS AN INTERIOR ANGLE LESS THAN 10.0
 
 WARNING G3015: TET ELEMENT 6986 HAS AN INTERIOR ANGLE LESS THAN 10.0
 
 WARNING G3015: TET ELEMENT 6987 HAS AN INTERIOR ANGLE LESS THAN 10.0
 
 WARNING G3015: TET ELEMENT 6988 HAS AN INTERIOR ANGLE LESS THAN 10.0
 
 WARNING G3015: TET ELEMENT 6989 HAS AN INTERIOR ANGLE LESS THAN 10.0
 
 WARNING G3015: TET ELEMENT 6990 HAS AN INTERIOR ANGLE LESS THAN 10.0
 
 WARNING G3015: TET ELEMENT 6991 HAS AN INTERIOR ANGLE LESS THAN 10.0
 
 WARNING G3015: TET ELEMENT 6993 HAS AN INTERIOR ANGLE LESS THAN 10.0
 
 WARNING G3015: TET ELEMENT 6997 HAS AN INTERIOR ANGLE LESS THAN 10.0
 
 WARNING G3015: TET ELEMENT 6998 HAS AN INTERIOR ANGLE LESS THAN 10.0
 
 WARNING G3015: TET ELEMENT 6999 HAS AN INTERIOR ANGLE LESS THAN 10.0
 
 WARNING G3015: TET ELEMENT 7000 HAS AN INTERIOR ANGLE LESS THAN 10.0
 
 WARNING G3015: TET ELEMENT 7003 HAS AN INTERIOR ANGLE LESS THAN 10.0
 
 WARNING G3015: TET ELEMENT 7004 HAS AN INTERIOR ANGLE LESS THAN 10.0
 
 
 
 
 
 
                                                                        07/30/21  21:51  ADS NASTRAN VERSION 14.0.0.202  PAGE     23
 
 
 
 
 
 
 
 
 
 WARNING G3015: TET ELEMENT 7005 HAS AN INTERIOR ANGLE LESS THAN 10.0
 
 WARNING G3015: TET ELEMENT 7006 HAS AN INTERIOR ANGLE LESS THAN 10.0
 
 WARNING G3015: TET ELEMENT 7007 HAS AN INTERIOR ANGLE LESS THAN 10.0
 
 WARNING G3015: TET ELEMENT 7009 HAS AN INTERIOR ANGLE LESS THAN 10.0
 
 WARNING G3015: TET ELEMENT 7010 HAS AN INTERIOR ANGLE LESS THAN 10.0
 
 WARNING G3015: TET ELEMENT 7012 HAS AN INTERIOR ANGLE LESS THAN 10.0
 
 WARNING G3015: TET ELEMENT 7013 HAS AN INTERIOR ANGLE LESS THAN 10.0
 
 WARNING G3015: TET ELEMENT 7014 HAS AN INTERIOR ANGLE LESS THAN 10.0
 
 WARNING G3015: TET ELEMENT 7015 HAS AN INTERIOR ANGLE LESS THAN 10.0
 
 WARNING G3015: TET ELEMENT 7018 HAS AN INTERIOR ANGLE LESS THAN 10.0
 
 WARNING G3015: TET ELEMENT 7019 HAS AN INTERIOR ANGLE LESS THAN 10.0
 
 WARNING G3015: TET ELEMENT 7020 HAS AN INTERIOR ANGLE LESS THAN 10.0
 
 WARNING G3015: TET ELEMENT 7021 HAS AN INTERIOR ANGLE LESS THAN 10.0
 
 WARNING G3015: TET ELEMENT 7022 HAS AN INTERIOR ANGLE LESS THAN 10.0
 
 WARNING G3015: TET ELEMENT 7039 HAS AN INTERIOR ANGLE LESS THAN 10.0
 
 WARNING G3015: TET ELEMENT 7041 HAS AN INTERIOR ANGLE LESS THAN 10.0
 
 WARNING G3015: TET ELEMENT 7042 HAS AN INTERIOR ANGLE LESS THAN 10.0
 
 WARNING G3015: TET ELEMENT 7045 HAS AN INTERIOR ANGLE LESS THAN 10.0
 
 WARNING G3015: TET ELEMENT 7047 HAS AN INTERIOR ANGLE LESS THAN 10.0
 
 WARNING G3015: TET ELEMENT 7052 HAS AN INTERIOR ANGLE LESS THAN 10.0
 
 WARNING G3015: TET ELEMENT 7053 HAS AN INTERIOR ANGLE LESS THAN 10.0
 
 WARNING G3015: TET ELEMENT 7055 HAS AN INTERIOR ANGLE LESS THAN 10.0
 
 WARNING G3015: TET ELEMENT 7056 HAS AN INTERIOR ANGLE LESS THAN 10.0
 
 WARNING G3015: TET ELEMENT 7057 HAS AN INTERIOR ANGLE LESS THAN 10.0
 
 WARNING G3015: TET ELEMENT 7058 HAS AN INTERIOR ANGLE LESS THAN 10.0
 
 WARNING G3015: TET ELEMENT 7061 HAS AN INTERIOR ANGLE LESS THAN 10.0
 
 WARNING G3015: TET ELEMENT 7063 HAS AN INTERIOR ANGLE LESS THAN 10.0
 
 WARNING G3015: TET ELEMENT 7065 HAS AN INTERIOR ANGLE LESS THAN 10.0
 
 WARNING G3015: TET ELEMENT 7068 HAS AN INTERIOR ANGLE LESS THAN 10.0
 
 WARNING G3015: TET ELEMENT 7071 HAS AN INTERIOR ANGLE LESS THAN 10.0
 
 
 
 
 
 
                                                                        07/30/21  21:51  ADS NASTRAN VERSION 14.0.0.202  PAGE     24
 
 
 
 
 
 
 
 
 
 WARNING G3015: TET ELEMENT 7084 HAS AN INTERIOR ANGLE LESS THAN 10.0
 
 WARNING G3015: TET ELEMENT 7101 HAS AN INTERIOR ANGLE LESS THAN 10.0
 
 WARNING G3015: TET ELEMENT 7122 HAS AN INTERIOR ANGLE LESS THAN 10.0
 
 WARNING G3015: TET ELEMENT 7129 HAS AN INTERIOR ANGLE LESS THAN 10.0
 
 WARNING G3015: TET ELEMENT 7156 HAS AN INTERIOR ANGLE LESS THAN 10.0
 
 WARNING G3015: TET ELEMENT 7158 HAS AN INTERIOR ANGLE LESS THAN 10.0
 
 WARNING G3015: TET ELEMENT 7171 HAS AN INTERIOR ANGLE LESS THAN 10.0
 
 WARNING G3015: TET ELEMENT 7173 HAS AN INTERIOR ANGLE LESS THAN 10.0
 
 WARNING G3015: TET ELEMENT 7177 HAS AN INTERIOR ANGLE LESS THAN 10.0
 
 WARNING G3015: TET ELEMENT 7190 HAS AN INTERIOR ANGLE LESS THAN 10.0
 
 WARNING G3015: TET ELEMENT 7202 HAS AN INTERIOR ANGLE LESS THAN 10.0
 
 WARNING G3015: TET ELEMENT 7214 HAS AN INTERIOR ANGLE LESS THAN 10.0
 
 WARNING G3015: TET ELEMENT 7215 HAS AN INTERIOR ANGLE LESS THAN 10.0
 
 WARNING G3015: TET ELEMENT 7216 HAS AN INTERIOR ANGLE LESS THAN 10.0
 
 WARNING G3015: TET ELEMENT 7219 HAS AN INTERIOR ANGLE LESS THAN 10.0
 
 WARNING G3015: TET ELEMENT 7220 HAS AN INTERIOR ANGLE LESS THAN 10.0
 
 WARNING G3015: TET ELEMENT 7222 HAS AN INTERIOR ANGLE LESS THAN 10.0
 
 WARNING G3015: TET ELEMENT 7223 HAS AN INTERIOR ANGLE LESS THAN 10.0
 
 WARNING G3015: TET ELEMENT 7224 HAS AN INTERIOR ANGLE LESS THAN 10.0
 
 WARNING G3015: TET ELEMENT 7225 HAS AN INTERIOR ANGLE LESS THAN 10.0
 
 WARNING G3015: TET ELEMENT 7226 HAS AN INTERIOR ANGLE LESS THAN 10.0
 
 WARNING G3015: TET ELEMENT 7228 HAS AN INTERIOR ANGLE LESS THAN 10.0
 
 WARNING G3015: TET ELEMENT 7230 HAS AN INTERIOR ANGLE LESS THAN 10.0
 
 WARNING G3015: TET ELEMENT 7231 HAS AN INTERIOR ANGLE LESS THAN 10.0
 
 WARNING G3015: TET ELEMENT 7234 HAS AN INTERIOR ANGLE LESS THAN 10.0
 
 WARNING G3015: TET ELEMENT 7237 HAS AN INTERIOR ANGLE LESS THAN 10.0
 
 WARNING G3015: TET ELEMENT 7238 HAS AN INTERIOR ANGLE LESS THAN 10.0
 
 WARNING G3015: TET ELEMENT 7240 HAS AN INTERIOR ANGLE LESS THAN 10.0
 
 WARNING G3015: TET ELEMENT 7242 HAS AN INTERIOR ANGLE LESS THAN 10.0
 
 WARNING G3015: TET ELEMENT 7244 HAS AN INTERIOR ANGLE LESS THAN 10.0
 
 
 
 
 
 
                                                                        07/30/21  21:51  ADS NASTRAN VERSION 14.0.0.202  PAGE     25
 
 
 
 
 
 
 
 
 
 WARNING G3015: TET ELEMENT 7245 HAS AN INTERIOR ANGLE LESS THAN 10.0
 
 WARNING G3015: TET ELEMENT 7246 HAS AN INTERIOR ANGLE LESS THAN 10.0
 
 WARNING G3015: TET ELEMENT 7247 HAS AN INTERIOR ANGLE LESS THAN 10.0
 
 WARNING G3015: TET ELEMENT 7248 HAS AN INTERIOR ANGLE LESS THAN 10.0
 
 WARNING G3015: TET ELEMENT 7249 HAS AN INTERIOR ANGLE LESS THAN 10.0
 
 WARNING G3015: TET ELEMENT 7250 HAS AN INTERIOR ANGLE LESS THAN 10.0
 
 WARNING G3015: TET ELEMENT 7251 HAS AN INTERIOR ANGLE LESS THAN 10.0
 
 WARNING G3015: TET ELEMENT 7252 HAS AN INTERIOR ANGLE LESS THAN 10.0
 
 WARNING G3015: TET ELEMENT 7253 HAS AN INTERIOR ANGLE LESS THAN 10.0
 
 WARNING G3015: TET ELEMENT 7254 HAS AN INTERIOR ANGLE LESS THAN 10.0
 
 WARNING G3015: TET ELEMENT 7255 HAS AN INTERIOR ANGLE LESS THAN 10.0
 
 WARNING G3015: TET ELEMENT 7256 HAS AN INTERIOR ANGLE LESS THAN 10.0
 
 WARNING G3015: TET ELEMENT 7257 HAS AN INTERIOR ANGLE LESS THAN 10.0
 
 WARNING G3015: TET ELEMENT 7258 HAS AN INTERIOR ANGLE LESS THAN 10.0
 
 WARNING G3015: TET ELEMENT 7259 HAS AN INTERIOR ANGLE LESS THAN 10.0
 
 WARNING G3015: TET ELEMENT 7262 HAS AN INTERIOR ANGLE LESS THAN 10.0
 
 WARNING G3015: TET ELEMENT 7263 HAS AN INTERIOR ANGLE LESS THAN 10.0
 
 WARNING G3015: TET ELEMENT 7291 HAS AN INTERIOR ANGLE LESS THAN 10.0
 
 WARNING G3015: TET ELEMENT 7292 HAS AN INTERIOR ANGLE LESS THAN 10.0
 
 WARNING G3012: TET ELEMENT 7295 HAS A SKEW ANGLE GREATER THAN 80.0
 
 WARNING G3015: TET ELEMENT 7295 HAS AN INTERIOR ANGLE LESS THAN 10.0
 
 WARNING G3015: TET ELEMENT 7296 HAS AN INTERIOR ANGLE LESS THAN 10.0
 
 WARNING G3015: TET ELEMENT 7299 HAS AN INTERIOR ANGLE LESS THAN 10.0
 
 WARNING G3015: TET ELEMENT 7300 HAS AN INTERIOR ANGLE LESS THAN 10.0
 
 WARNING G3015: TET ELEMENT 7301 HAS AN INTERIOR ANGLE LESS THAN 10.0
 
 WARNING G3015: TET ELEMENT 7302 HAS AN INTERIOR ANGLE LESS THAN 10.0
 
 WARNING G3015: TET ELEMENT 7304 HAS AN INTERIOR ANGLE LESS THAN 10.0
 
 WARNING G3015: TET ELEMENT 7305 HAS AN INTERIOR ANGLE LESS THAN 10.0
 
 WARNING G3015: TET ELEMENT 7306 HAS AN INTERIOR ANGLE LESS THAN 10.0
 
 WARNING G3015: TET ELEMENT 7307 HAS AN INTERIOR ANGLE LESS THAN 10.0
 
 
 
 
 
 
                                                                        07/30/21  21:51  ADS NASTRAN VERSION 14.0.0.202  PAGE     26
 
 
 
 
 
 
 
 
 
 WARNING G3015: TET ELEMENT 7308 HAS AN INTERIOR ANGLE LESS THAN 10.0
 
 WARNING G3015: TET ELEMENT 7310 HAS AN INTERIOR ANGLE LESS THAN 10.0
 
 WARNING G3015: TET ELEMENT 7311 HAS AN INTERIOR ANGLE LESS THAN 10.0
 
 WARNING G3015: TET ELEMENT 7313 HAS AN INTERIOR ANGLE LESS THAN 10.0
 
 WARNING G3015: TET ELEMENT 7316 HAS AN INTERIOR ANGLE LESS THAN 10.0
 
 WARNING G3015: TET ELEMENT 7321 HAS AN INTERIOR ANGLE LESS THAN 10.0
 
 WARNING G3015: TET ELEMENT 7322 HAS AN INTERIOR ANGLE LESS THAN 10.0
 
 WARNING G3015: TET ELEMENT 7352 HAS AN INTERIOR ANGLE LESS THAN 10.0
 
 WARNING G3015: TET ELEMENT 7355 HAS AN INTERIOR ANGLE LESS THAN 10.0
 
 WARNING G3015: TET ELEMENT 7379 HAS AN INTERIOR ANGLE LESS THAN 10.0
 
 WARNING G3015: TET ELEMENT 7384 HAS AN INTERIOR ANGLE LESS THAN 10.0
 
 WARNING G3015: TET ELEMENT 7438 HAS AN INTERIOR ANGLE LESS THAN 10.0
 
 WARNING G3015: TET ELEMENT 7449 HAS AN INTERIOR ANGLE LESS THAN 10.0
 
 WARNING G3015: TET ELEMENT 7450 HAS AN INTERIOR ANGLE LESS THAN 10.0
 
 WARNING G3015: TET ELEMENT 7451 HAS AN INTERIOR ANGLE LESS THAN 10.0
 
 WARNING G3015: TET ELEMENT 7452 HAS AN INTERIOR ANGLE LESS THAN 10.0
 
 WARNING G3015: TET ELEMENT 7454 HAS AN INTERIOR ANGLE LESS THAN 10.0
 
 WARNING G3012: TET ELEMENT 7456 HAS A SKEW ANGLE GREATER THAN 80.0
 
 WARNING G3015: TET ELEMENT 7456 HAS AN INTERIOR ANGLE LESS THAN 10.0
 
 WARNING G3015: TET ELEMENT 7457 HAS AN INTERIOR ANGLE LESS THAN 10.0
 
 WARNING G3015: TET ELEMENT 7459 HAS AN INTERIOR ANGLE LESS THAN 10.0
 
 WARNING G3015: TET ELEMENT 7461 HAS AN INTERIOR ANGLE LESS THAN 10.0
 
 WARNING G3015: TET ELEMENT 7462 HAS AN INTERIOR ANGLE LESS THAN 10.0
 
 WARNING G3015: TET ELEMENT 7464 HAS AN INTERIOR ANGLE LESS THAN 10.0
 
 WARNING G3015: TET ELEMENT 7465 HAS AN INTERIOR ANGLE LESS THAN 10.0
 
 WARNING G3015: TET ELEMENT 7467 HAS AN INTERIOR ANGLE LESS THAN 10.0
 
 WARNING G3015: TET ELEMENT 7468 HAS AN INTERIOR ANGLE LESS THAN 10.0
 
 WARNING G3015: TET ELEMENT 7469 HAS AN INTERIOR ANGLE LESS THAN 10.0
 
 WARNING G3015: TET ELEMENT 7470 HAS AN INTERIOR ANGLE LESS THAN 10.0
 
 WARNING G3015: TET ELEMENT 7471 HAS AN INTERIOR ANGLE LESS THAN 10.0
 
 
 
 
 
 
                                                                        07/30/21  21:51  ADS NASTRAN VERSION 14.0.0.202  PAGE     27
 
 
 
 
 
 
 
 
 
 WARNING G3015: TET ELEMENT 7472 HAS AN INTERIOR ANGLE LESS THAN 10.0
 
 WARNING G3015: TET ELEMENT 7473 HAS AN INTERIOR ANGLE LESS THAN 10.0
 
 WARNING G3015: TET ELEMENT 7474 HAS AN INTERIOR ANGLE LESS THAN 10.0
 
 WARNING G3015: TET ELEMENT 7475 HAS AN INTERIOR ANGLE LESS THAN 10.0
 
 WARNING G3015: TET ELEMENT 7477 HAS AN INTERIOR ANGLE LESS THAN 10.0
 
 WARNING G3015: TET ELEMENT 7478 HAS AN INTERIOR ANGLE LESS THAN 10.0
 
 WARNING G3015: TET ELEMENT 7479 HAS AN INTERIOR ANGLE LESS THAN 10.0
 
 WARNING G3015: TET ELEMENT 7480 HAS AN INTERIOR ANGLE LESS THAN 10.0
 
 WARNING G3015: TET ELEMENT 7481 HAS AN INTERIOR ANGLE LESS THAN 10.0
 
 WARNING G3015: TET ELEMENT 7482 HAS AN INTERIOR ANGLE LESS THAN 10.0
 
 WARNING G3015: TET ELEMENT 7483 HAS AN INTERIOR ANGLE LESS THAN 10.0
 
 WARNING G3015: TET ELEMENT 7485 HAS AN INTERIOR ANGLE LESS THAN 10.0
 
 WARNING G3015: TET ELEMENT 7486 HAS AN INTERIOR ANGLE LESS THAN 10.0
 
 WARNING G3015: TET ELEMENT 7487 HAS AN INTERIOR ANGLE LESS THAN 10.0
 
 WARNING G3015: TET ELEMENT 7489 HAS AN INTERIOR ANGLE LESS THAN 10.0
 
 WARNING G3015: TET ELEMENT 7490 HAS AN INTERIOR ANGLE LESS THAN 10.0
 
 WARNING G3015: TET ELEMENT 7491 HAS AN INTERIOR ANGLE LESS THAN 10.0
 
 WARNING G3015: TET ELEMENT 7492 HAS AN INTERIOR ANGLE LESS THAN 10.0
 
 WARNING G3015: TET ELEMENT 7493 HAS AN INTERIOR ANGLE LESS THAN 10.0
 
 WARNING G3015: TET ELEMENT 7494 HAS AN INTERIOR ANGLE LESS THAN 10.0
 
 WARNING G3015: TET ELEMENT 7496 HAS AN INTERIOR ANGLE LESS THAN 10.0
 
 WARNING G3015: TET ELEMENT 7497 HAS AN INTERIOR ANGLE LESS THAN 10.0
 
 WARNING G3015: TET ELEMENT 7498 HAS AN INTERIOR ANGLE LESS THAN 10.0
 
 WARNING G3015: TET ELEMENT 7499 HAS AN INTERIOR ANGLE LESS THAN 10.0
 
 WARNING G3015: TET ELEMENT 7501 HAS AN INTERIOR ANGLE LESS THAN 10.0
 
 WARNING G3015: TET ELEMENT 7514 HAS AN INTERIOR ANGLE LESS THAN 10.0
 
 WARNING G3015: TET ELEMENT 7515 HAS AN INTERIOR ANGLE LESS THAN 10.0
 
 WARNING G3015: TET ELEMENT 7516 HAS AN INTERIOR ANGLE LESS THAN 10.0
 
 WARNING G3015: TET ELEMENT 7519 HAS AN INTERIOR ANGLE LESS THAN 10.0
 
 WARNING G3015: TET ELEMENT 7537 HAS AN INTERIOR ANGLE LESS THAN 10.0
 
 
 
 
 
 
                                                                        07/30/21  21:51  ADS NASTRAN VERSION 14.0.0.202  PAGE     28
 
 
 
 
 
 
 
 
 
 WARNING G3015: TET ELEMENT 7538 HAS AN INTERIOR ANGLE LESS THAN 10.0
 
 WARNING G3015: TET ELEMENT 7542 HAS AN INTERIOR ANGLE LESS THAN 10.0
 
 WARNING G3015: TET ELEMENT 7544 HAS AN INTERIOR ANGLE LESS THAN 10.0
 
 WARNING G3015: TET ELEMENT 7551 HAS AN INTERIOR ANGLE LESS THAN 10.0
 
 WARNING G3015: TET ELEMENT 7568 HAS AN INTERIOR ANGLE LESS THAN 10.0
 
 WARNING G3015: TET ELEMENT 7569 HAS AN INTERIOR ANGLE LESS THAN 10.0
 
 WARNING G3015: TET ELEMENT 7573 HAS AN INTERIOR ANGLE LESS THAN 10.0
 
 WARNING G3015: TET ELEMENT 7578 HAS AN INTERIOR ANGLE LESS THAN 10.0
 
 WARNING G3015: TET ELEMENT 7585 HAS AN INTERIOR ANGLE LESS THAN 10.0
 
 WARNING G3015: TET ELEMENT 7589 HAS AN INTERIOR ANGLE LESS THAN 10.0
 
 WARNING G3015: TET ELEMENT 7640 HAS AN INTERIOR ANGLE LESS THAN 10.0
 
 WARNING G3015: TET ELEMENT 7655 HAS AN INTERIOR ANGLE LESS THAN 10.0
 
 WARNING G3015: TET ELEMENT 7666 HAS AN INTERIOR ANGLE LESS THAN 10.0
 
 WARNING G3015: TET ELEMENT 7669 HAS AN INTERIOR ANGLE LESS THAN 10.0
 
 WARNING G3015: TET ELEMENT 7673 HAS AN INTERIOR ANGLE LESS THAN 10.0
 
 WARNING G3015: TET ELEMENT 7676 HAS AN INTERIOR ANGLE LESS THAN 10.0
 
 WARNING G3015: TET ELEMENT 7679 HAS AN INTERIOR ANGLE LESS THAN 10.0
 
 WARNING G3015: TET ELEMENT 7684 HAS AN INTERIOR ANGLE LESS THAN 10.0
 
 WARNING G3015: TET ELEMENT 7689 HAS AN INTERIOR ANGLE LESS THAN 10.0
 
 WARNING G3015: TET ELEMENT 7706 HAS AN INTERIOR ANGLE LESS THAN 10.0
 
 WARNING G3015: TET ELEMENT 7709 HAS AN INTERIOR ANGLE LESS THAN 10.0
 
 WARNING G3015: TET ELEMENT 7711 HAS AN INTERIOR ANGLE LESS THAN 10.0
 
 WARNING G3015: TET ELEMENT 7712 HAS AN INTERIOR ANGLE LESS THAN 10.0
 
 WARNING G3015: TET ELEMENT 7713 HAS AN INTERIOR ANGLE LESS THAN 10.0
 
 WARNING G3015: TET ELEMENT 7714 HAS AN INTERIOR ANGLE LESS THAN 10.0
 
 WARNING G3015: TET ELEMENT 7715 HAS AN INTERIOR ANGLE LESS THAN 10.0
 
 WARNING G3015: TET ELEMENT 7716 HAS AN INTERIOR ANGLE LESS THAN 10.0
 
 WARNING G3015: TET ELEMENT 7717 HAS AN INTERIOR ANGLE LESS THAN 10.0
 
 WARNING G3015: TET ELEMENT 7719 HAS AN INTERIOR ANGLE LESS THAN 10.0
 
 WARNING G3015: TET ELEMENT 7720 HAS AN INTERIOR ANGLE LESS THAN 10.0
 
 
 
 
 
 
                                                                        07/30/21  21:51  ADS NASTRAN VERSION 14.0.0.202  PAGE     29
 
 
 
 
 
 
 
 
 
 WARNING G3015: TET ELEMENT 7721 HAS AN INTERIOR ANGLE LESS THAN 10.0
 
 WARNING G3015: TET ELEMENT 7722 HAS AN INTERIOR ANGLE LESS THAN 10.0
 
 WARNING G3015: TET ELEMENT 7723 HAS AN INTERIOR ANGLE LESS THAN 10.0
 
 WARNING G3015: TET ELEMENT 7724 HAS AN INTERIOR ANGLE LESS THAN 10.0
 
 WARNING G3015: TET ELEMENT 7726 HAS AN INTERIOR ANGLE LESS THAN 10.0
 
 WARNING G3015: TET ELEMENT 7727 HAS AN INTERIOR ANGLE LESS THAN 10.0
 
 WARNING G3015: TET ELEMENT 7728 HAS AN INTERIOR ANGLE LESS THAN 10.0
 
 WARNING G3015: TET ELEMENT 7729 HAS AN INTERIOR ANGLE LESS THAN 10.0
 
 WARNING G3015: TET ELEMENT 7732 HAS AN INTERIOR ANGLE LESS THAN 10.0
 
 WARNING G3015: TET ELEMENT 7733 HAS AN INTERIOR ANGLE LESS THAN 10.0
 
 WARNING G3015: TET ELEMENT 7734 HAS AN INTERIOR ANGLE LESS THAN 10.0
 
 WARNING G3015: TET ELEMENT 7735 HAS AN INTERIOR ANGLE LESS THAN 10.0
 
 WARNING G3015: TET ELEMENT 7736 HAS AN INTERIOR ANGLE LESS THAN 10.0
 
 WARNING G3015: TET ELEMENT 7738 HAS AN INTERIOR ANGLE LESS THAN 10.0
 
 WARNING G3015: TET ELEMENT 7739 HAS AN INTERIOR ANGLE LESS THAN 10.0
 
 WARNING G3015: TET ELEMENT 7741 HAS AN INTERIOR ANGLE LESS THAN 10.0
 
 WARNING G3015: TET ELEMENT 7742 HAS AN INTERIOR ANGLE LESS THAN 10.0
 
 WARNING G3015: TET ELEMENT 7743 HAS AN INTERIOR ANGLE LESS THAN 10.0
 
 WARNING G3015: TET ELEMENT 7744 HAS AN INTERIOR ANGLE LESS THAN 10.0
 
 WARNING G3015: TET ELEMENT 7745 HAS AN INTERIOR ANGLE LESS THAN 10.0
 
 WARNING G3015: TET ELEMENT 7747 HAS AN INTERIOR ANGLE LESS THAN 10.0
 
 WARNING G3015: TET ELEMENT 7748 HAS AN INTERIOR ANGLE LESS THAN 10.0
 
 WARNING G3015: TET ELEMENT 7749 HAS AN INTERIOR ANGLE LESS THAN 10.0
 
 WARNING G3015: TET ELEMENT 7750 HAS AN INTERIOR ANGLE LESS THAN 10.0
 
 WARNING G3015: TET ELEMENT 7751 HAS AN INTERIOR ANGLE LESS THAN 10.0
 
 WARNING G3015: TET ELEMENT 7752 HAS AN INTERIOR ANGLE LESS THAN 10.0
 
 WARNING G3015: TET ELEMENT 7753 HAS AN INTERIOR ANGLE LESS THAN 10.0
 
 WARNING G3015: TET ELEMENT 7777 HAS AN INTERIOR ANGLE LESS THAN 10.0
 
 WARNING G3015: TET ELEMENT 7778 HAS AN INTERIOR ANGLE LESS THAN 10.0
 
 WARNING G3015: TET ELEMENT 7779 HAS AN INTERIOR ANGLE LESS THAN 10.0
 
 
 
 
 
 
                                                                        07/30/21  21:51  ADS NASTRAN VERSION 14.0.0.202  PAGE     30
 
 
 
 
 
 
 
 
 
 WARNING G3015: TET ELEMENT 7782 HAS AN INTERIOR ANGLE LESS THAN 10.0
 
 WARNING G3015: TET ELEMENT 7787 HAS AN INTERIOR ANGLE LESS THAN 10.0
 
 WARNING G3015: TET ELEMENT 7788 HAS AN INTERIOR ANGLE LESS THAN 10.0
 
 WARNING G3012: TET ELEMENT 7789 HAS A SKEW ANGLE GREATER THAN 80.0
 
 WARNING G3015: TET ELEMENT 7789 HAS AN INTERIOR ANGLE LESS THAN 10.0
 
 WARNING G3015: TET ELEMENT 7790 HAS AN INTERIOR ANGLE LESS THAN 10.0
 
 WARNING G3012: TET ELEMENT 7793 HAS A SKEW ANGLE GREATER THAN 80.0
 
 WARNING G3015: TET ELEMENT 7793 HAS AN INTERIOR ANGLE LESS THAN 10.0
 
 WARNING G3015: TET ELEMENT 7811 HAS AN INTERIOR ANGLE LESS THAN 10.0
 
 WARNING G3015: TET ELEMENT 7814 HAS AN INTERIOR ANGLE LESS THAN 10.0
 
 WARNING G3015: TET ELEMENT 7823 HAS AN INTERIOR ANGLE LESS THAN 10.0
 
 WARNING G3015: TET ELEMENT 7832 HAS AN INTERIOR ANGLE LESS THAN 10.0
 
 WARNING G3015: TET ELEMENT 7839 HAS AN INTERIOR ANGLE LESS THAN 10.0
 
 WARNING G3015: TET ELEMENT 7840 HAS AN INTERIOR ANGLE LESS THAN 10.0
 
 WARNING G3015: TET ELEMENT 7842 HAS AN INTERIOR ANGLE LESS THAN 10.0
 
 WARNING G3015: TET ELEMENT 7846 HAS AN INTERIOR ANGLE LESS THAN 10.0
 
 WARNING G3015: TET ELEMENT 7851 HAS AN INTERIOR ANGLE LESS THAN 10.0
 
 WARNING G3015: TET ELEMENT 7852 HAS AN INTERIOR ANGLE LESS THAN 10.0
 
 WARNING G3015: TET ELEMENT 7862 HAS AN INTERIOR ANGLE LESS THAN 10.0
 
 WARNING G3015: TET ELEMENT 7868 HAS AN INTERIOR ANGLE LESS THAN 10.0
 
 WARNING G3015: TET ELEMENT 7869 HAS AN INTERIOR ANGLE LESS THAN 10.0
 
 WARNING G3015: TET ELEMENT 7870 HAS AN INTERIOR ANGLE LESS THAN 10.0
 
 WARNING G3015: TET ELEMENT 7877 HAS AN INTERIOR ANGLE LESS THAN 10.0
 
 WARNING G3015: TET ELEMENT 7882 HAS AN INTERIOR ANGLE LESS THAN 10.0
 
 WARNING G3015: TET ELEMENT 7888 HAS AN INTERIOR ANGLE LESS THAN 10.0
 
 WARNING G3015: TET ELEMENT 7898 HAS AN INTERIOR ANGLE LESS THAN 10.0
 
 WARNING G3015: TET ELEMENT 7903 HAS AN INTERIOR ANGLE LESS THAN 10.0
 
 WARNING G3015: TET ELEMENT 7941 HAS AN INTERIOR ANGLE LESS THAN 10.0
 
 WARNING G3015: TET ELEMENT 7943 HAS AN INTERIOR ANGLE LESS THAN 10.0
 
 WARNING G3015: TET ELEMENT 7945 HAS AN INTERIOR ANGLE LESS THAN 10.0
 
 
 
 
 
 
                                                                        07/30/21  21:51  ADS NASTRAN VERSION 14.0.0.202  PAGE     31
 
 
 
 
 
 
 
 
 
 WARNING G3015: TET ELEMENT 7947 HAS AN INTERIOR ANGLE LESS THAN 10.0
 
 WARNING G3015: TET ELEMENT 7948 HAS AN INTERIOR ANGLE LESS THAN 10.0
 
 WARNING G3015: TET ELEMENT 7949 HAS AN INTERIOR ANGLE LESS THAN 10.0
 
 WARNING G3015: TET ELEMENT 7950 HAS AN INTERIOR ANGLE LESS THAN 10.0
 
 WARNING G3015: TET ELEMENT 7951 HAS AN INTERIOR ANGLE LESS THAN 10.0
 
 WARNING G3015: TET ELEMENT 7952 HAS AN INTERIOR ANGLE LESS THAN 10.0
 
 WARNING G3015: TET ELEMENT 7953 HAS AN INTERIOR ANGLE LESS THAN 10.0
 
 WARNING G3015: TET ELEMENT 7956 HAS AN INTERIOR ANGLE LESS THAN 10.0
 
 WARNING G3015: TET ELEMENT 7957 HAS AN INTERIOR ANGLE LESS THAN 10.0
 
 WARNING G3015: TET ELEMENT 7958 HAS AN INTERIOR ANGLE LESS THAN 10.0
 
 WARNING G3015: TET ELEMENT 7960 HAS AN INTERIOR ANGLE LESS THAN 10.0
 
 WARNING G3015: TET ELEMENT 7961 HAS AN INTERIOR ANGLE LESS THAN 10.0
 
 WARNING G3015: TET ELEMENT 7962 HAS AN INTERIOR ANGLE LESS THAN 10.0
 
 WARNING G3015: TET ELEMENT 7963 HAS AN INTERIOR ANGLE LESS THAN 10.0
 
 WARNING G3015: TET ELEMENT 7964 HAS AN INTERIOR ANGLE LESS THAN 10.0
 
 WARNING G3015: TET ELEMENT 7965 HAS AN INTERIOR ANGLE LESS THAN 10.0
 
 WARNING G3015: TET ELEMENT 7967 HAS AN INTERIOR ANGLE LESS THAN 10.0
 
 WARNING G3015: TET ELEMENT 7968 HAS AN INTERIOR ANGLE LESS THAN 10.0
 
 WARNING G3015: TET ELEMENT 7969 HAS AN INTERIOR ANGLE LESS THAN 10.0
 
 WARNING G3015: TET ELEMENT 7970 HAS AN INTERIOR ANGLE LESS THAN 10.0
 
 WARNING G3015: TET ELEMENT 7971 HAS AN INTERIOR ANGLE LESS THAN 10.0
 
 WARNING G3015: TET ELEMENT 7972 HAS AN INTERIOR ANGLE LESS THAN 10.0
 
 WARNING G3015: TET ELEMENT 7974 HAS AN INTERIOR ANGLE LESS THAN 10.0
 
 WARNING G3015: TET ELEMENT 7975 HAS AN INTERIOR ANGLE LESS THAN 10.0
 
 WARNING G3015: TET ELEMENT 7976 HAS AN INTERIOR ANGLE LESS THAN 10.0
 
 WARNING G3015: TET ELEMENT 7977 HAS AN INTERIOR ANGLE LESS THAN 10.0
 
 WARNING G3015: TET ELEMENT 7978 HAS AN INTERIOR ANGLE LESS THAN 10.0
 
 WARNING G3015: TET ELEMENT 7979 HAS AN INTERIOR ANGLE LESS THAN 10.0
 
 WARNING G3015: TET ELEMENT 7980 HAS AN INTERIOR ANGLE LESS THAN 10.0
 
 WARNING G3015: TET ELEMENT 7981 HAS AN INTERIOR ANGLE LESS THAN 10.0
 
 
 
 
 
 
                                                                        07/30/21  21:51  ADS NASTRAN VERSION 14.0.0.202  PAGE     32
 
 
 
 
 
 
 
 
 
 WARNING G3015: TET ELEMENT 7982 HAS AN INTERIOR ANGLE LESS THAN 10.0
 
 WARNING G3015: TET ELEMENT 7984 HAS AN INTERIOR ANGLE LESS THAN 10.0
 
 WARNING G3015: TET ELEMENT 7985 HAS AN INTERIOR ANGLE LESS THAN 10.0
 
 WARNING G3015: TET ELEMENT 7987 HAS AN INTERIOR ANGLE LESS THAN 10.0
 
 WARNING G3015: TET ELEMENT 7996 HAS AN INTERIOR ANGLE LESS THAN 10.0
 
 WARNING G3015: TET ELEMENT 7997 HAS AN INTERIOR ANGLE LESS THAN 10.0
 
 WARNING G3015: TET ELEMENT 8002 HAS AN INTERIOR ANGLE LESS THAN 10.0
 
 WARNING G3015: TET ELEMENT 8004 HAS AN INTERIOR ANGLE LESS THAN 10.0
 
 WARNING G3015: TET ELEMENT 8005 HAS AN INTERIOR ANGLE LESS THAN 10.0
 
 WARNING G3015: TET ELEMENT 8020 HAS AN INTERIOR ANGLE LESS THAN 10.0
 
 WARNING G3015: TET ELEMENT 8021 HAS AN INTERIOR ANGLE LESS THAN 10.0
 
 WARNING G3015: TET ELEMENT 8022 HAS AN INTERIOR ANGLE LESS THAN 10.0
 
 WARNING G3015: TET ELEMENT 8023 HAS AN INTERIOR ANGLE LESS THAN 10.0
 
 WARNING G3015: TET ELEMENT 8025 HAS AN INTERIOR ANGLE LESS THAN 10.0
 
 WARNING G3015: TET ELEMENT 8027 HAS AN INTERIOR ANGLE LESS THAN 10.0
 
 WARNING G3015: TET ELEMENT 8029 HAS AN INTERIOR ANGLE LESS THAN 10.0
 
 WARNING G3015: TET ELEMENT 8031 HAS AN INTERIOR ANGLE LESS THAN 10.0
 
 WARNING G3015: TET ELEMENT 8060 HAS AN INTERIOR ANGLE LESS THAN 10.0
 
 WARNING G3015: TET ELEMENT 8061 HAS AN INTERIOR ANGLE LESS THAN 10.0
 
 WARNING G3015: TET ELEMENT 8073 HAS AN INTERIOR ANGLE LESS THAN 10.0
 
 WARNING G3015: TET ELEMENT 8078 HAS AN INTERIOR ANGLE LESS THAN 10.0
 
 WARNING G3015: TET ELEMENT 8089 HAS AN INTERIOR ANGLE LESS THAN 10.0
 
 WARNING G3015: TET ELEMENT 8103 HAS AN INTERIOR ANGLE LESS THAN 10.0
 
 WARNING G3015: TET ELEMENT 8107 HAS AN INTERIOR ANGLE LESS THAN 10.0
 
 WARNING G3015: TET ELEMENT 8110 HAS AN INTERIOR ANGLE LESS THAN 10.0
 
 WARNING G3015: TET ELEMENT 8111 HAS AN INTERIOR ANGLE LESS THAN 10.0
 
 WARNING G3015: TET ELEMENT 8120 HAS AN INTERIOR ANGLE LESS THAN 10.0
 
 WARNING G3015: TET ELEMENT 8170 HAS AN INTERIOR ANGLE LESS THAN 10.0
 
 WARNING G3015: TET ELEMENT 8171 HAS AN INTERIOR ANGLE LESS THAN 10.0
 
 WARNING G3015: TET ELEMENT 8172 HAS AN INTERIOR ANGLE LESS THAN 10.0
 
 
 
 
 
 
                                                                        07/30/21  21:51  ADS NASTRAN VERSION 14.0.0.202  PAGE     33
 
 
 
 
 
 
 
 
 
 WARNING G3015: TET ELEMENT 8174 HAS AN INTERIOR ANGLE LESS THAN 10.0
 
 WARNING G3015: TET ELEMENT 8176 HAS AN INTERIOR ANGLE LESS THAN 10.0
 
 WARNING G3015: TET ELEMENT 8179 HAS AN INTERIOR ANGLE LESS THAN 10.0
 
 WARNING G3015: TET ELEMENT 8180 HAS AN INTERIOR ANGLE LESS THAN 10.0
 
 WARNING G3015: TET ELEMENT 8181 HAS AN INTERIOR ANGLE LESS THAN 10.0
 
 WARNING G3015: TET ELEMENT 8182 HAS AN INTERIOR ANGLE LESS THAN 10.0
 
 WARNING G3015: TET ELEMENT 8183 HAS AN INTERIOR ANGLE LESS THAN 10.0
 
 WARNING G3015: TET ELEMENT 8185 HAS AN INTERIOR ANGLE LESS THAN 10.0
 
 WARNING G3015: TET ELEMENT 8186 HAS AN INTERIOR ANGLE LESS THAN 10.0
 
 WARNING G3015: TET ELEMENT 8187 HAS AN INTERIOR ANGLE LESS THAN 10.0
 
 WARNING G3015: TET ELEMENT 8188 HAS AN INTERIOR ANGLE LESS THAN 10.0
 
 WARNING G3015: TET ELEMENT 8191 HAS AN INTERIOR ANGLE LESS THAN 10.0
 
 WARNING G3015: TET ELEMENT 8192 HAS AN INTERIOR ANGLE LESS THAN 10.0
 
 WARNING G3015: TET ELEMENT 8193 HAS AN INTERIOR ANGLE LESS THAN 10.0
 
 WARNING G3015: TET ELEMENT 8195 HAS AN INTERIOR ANGLE LESS THAN 10.0
 
 WARNING G3015: TET ELEMENT 8197 HAS AN INTERIOR ANGLE LESS THAN 10.0
 
 WARNING G3015: TET ELEMENT 8198 HAS AN INTERIOR ANGLE LESS THAN 10.0
 
 WARNING G3015: TET ELEMENT 8201 HAS AN INTERIOR ANGLE LESS THAN 10.0
 
 WARNING G3015: TET ELEMENT 8202 HAS AN INTERIOR ANGLE LESS THAN 10.0
 
 WARNING G3015: TET ELEMENT 8203 HAS AN INTERIOR ANGLE LESS THAN 10.0
 
 WARNING G3015: TET ELEMENT 8204 HAS AN INTERIOR ANGLE LESS THAN 10.0
 
 WARNING G3015: TET ELEMENT 8205 HAS AN INTERIOR ANGLE LESS THAN 10.0
 
 WARNING G3015: TET ELEMENT 8206 HAS AN INTERIOR ANGLE LESS THAN 10.0
 
 WARNING G3015: TET ELEMENT 8208 HAS AN INTERIOR ANGLE LESS THAN 10.0
 
 WARNING G3015: TET ELEMENT 8211 HAS AN INTERIOR ANGLE LESS THAN 10.0
 
 WARNING G3015: TET ELEMENT 8212 HAS AN INTERIOR ANGLE LESS THAN 10.0
 
 WARNING G3015: TET ELEMENT 8213 HAS AN INTERIOR ANGLE LESS THAN 10.0
 
 WARNING G3015: TET ELEMENT 8214 HAS AN INTERIOR ANGLE LESS THAN 10.0
 
 WARNING G3015: TET ELEMENT 8215 HAS AN INTERIOR ANGLE LESS THAN 10.0
 
 WARNING G3015: TET ELEMENT 8216 HAS AN INTERIOR ANGLE LESS THAN 10.0
 
 
 
 
 
 
                                                                        07/30/21  21:51  ADS NASTRAN VERSION 14.0.0.202  PAGE     34
 
 
 
 
 
 
 
 
 
 WARNING G3015: TET ELEMENT 8217 HAS AN INTERIOR ANGLE LESS THAN 10.0
 
 WARNING G3015: TET ELEMENT 8218 HAS AN INTERIOR ANGLE LESS THAN 10.0
 
 WARNING G3015: TET ELEMENT 8219 HAS AN INTERIOR ANGLE LESS THAN 10.0
 
 WARNING G3015: TET ELEMENT 8220 HAS AN INTERIOR ANGLE LESS THAN 10.0
 
 WARNING G3015: TET ELEMENT 8221 HAS AN INTERIOR ANGLE LESS THAN 10.0
 
 WARNING G3015: TET ELEMENT 8222 HAS AN INTERIOR ANGLE LESS THAN 10.0
 
 ELEMENT GEOMETRY STATISTICS
 
 MAXIMUM TET ELEMENT FACE SKEW ANGLE      =  84.85 DEGREES ON ELEMENT 6223
 MAXIMUM TET ELEMENT EDGE POINT DEVIATION =   0.00 DEGREES ON ELEMENT 9079
 MAXIMUM TET ELEMENT FACE INTERIOR ANGLE  = 165.00 DEGREES ON ELEMENT 8031
 MINIMUM TET ELEMENT FACE INTERIOR ANGLE  =   2.58 DEGREES ON ELEMENT 6223
 
 MAXIMUM TET ELEMENT ASPECT RATIO            =   9.87 ON ELEMENT 4295
 MINIMUM TET ELEMENT EDGE POINT LENGTH RATIO =   1.00 ON ELEMENT 9079
 
 GLOBAL STIFFNESS MATRIX ASSEMBLY STATISTICS
 
 SPARSE MATRIX SIZE =    2063872 WORDS       15.7 MEGABYTES
 MEMORY ALLOCATED   =    3095808 WORDS       23.6 MEGABYTES
 
 MAXIMUM GLOBAL STIFFNESS MATRIX TERM ZEROED =  9.9856E-16
 MINIMUM GLOBAL STIFFNESS MATRIX TERM ZEROED =  0.0000E+00
 REDUCTION IN GLOBAL STIFFNESS MATRIX SIZE   =  2.01 PERCENT
 
 ASSEMBLY TIME FOR 9079 ELEMENTS = 3.1 SECONDS
 
 
 
 
 
 
 
                                                                        07/30/21  21:51  ADS NASTRAN VERSION 14.0.0.202  PAGE     35
 
 
 
 
                                          G R I D   P O I N T   W E I G H T   O U T P U T
 
 
 
 
                                                          REFERENCE POINT = 0
 
                                                                 M O
                         8.762996E-03  0.000000E+00  0.000000E+00  0.000000E+00  7.597747E-02 -4.278740E-01
                         0.000000E+00  8.762996E-03  0.000000E+00 -7.597747E-02  0.000000E+00 -1.867906E-01
                         0.000000E+00  0.000000E+00  8.762996E-03  4.278740E-01  1.867906E-01  0.000000E+00
                         0.000000E+00 -7.597747E-02  4.278740E-01  1.388871E+02  1.560604E+01  8.371930E-01
                         7.597747E-02  0.000000E+00  1.867906E-01  1.560604E+01  4.697092E+01 -8.747532E+00
                        -4.278740E-01 -1.867906E-01  0.000000E+00  8.371930E-01 -8.747532E+00  1.813763E+02
 
 
                                                                  S
                                              1.000000E+00  0.000000E+00  0.000000E+00
                                              0.000000E+00  1.000000E+00  0.000000E+00
                                              0.000000E+00  0.000000E+00  1.000000E+00
 
 
                              DIRECTION                                        CENTER OF MASS
                         MASS AXIS SYSTEM (S)     MASS                 X             Y             Z
                                  X           8.762996E-03        0.00000E+00   4.88274E+01   8.67026E+00
                                  Y           8.762996E-03       -2.13158E+01   0.00000E+00   8.67026E+00
                                  Z           8.762996E-03       -2.13158E+01   4.88274E+01   0.00000E+00
 
 
                                                                 I(S)
                                              1.173364E+02 -6.485549E+00  7.823308E-01
                                             -6.485549E+00  4.233057E+01  5.037753E+00
                                              7.823308E-01  5.037753E+00  1.565027E+02
 
 
                                                                 I(Q)
                                              4.154887E+01
                                                            1.178899E+02
                                                                          1.567309E+02
 
 
                                                                  Q
                                              8.563343E-02  9.953457E-01 -4.420296E-02
                                             -9.962456E-01  8.610834E-02  8.950432E-03
                                             -1.271502E-02 -4.327055E-02 -9.989825E-01
 
 
 
 
 
 
 
                                                                        07/30/21  21:51  ADS NASTRAN VERSION 14.0.0.202  PAGE     36
 
 
 
 
                                                    P A R T   D E F I N I T I O N
 
   PROPERTY     MATERIAL       PROPERTY           BOUNDING DIMENSIONS                MASS       VOLUME          GRID      ELEMENTS
      ID           ID            TYPE          D1          D2          D3                                      POINTS
        3            1          SOLID      2.5000E+02  5.5641E+02  1.0000E+02     8.7630E-03  1.1163E+06       19773         9079
 
 
    TOTAL                                  2.5000E+02  5.5641E+02  1.0000E+02     8.7630E-03  1.1163E+06       19773         9079
 
 
 
 
 
 
 
 
                                                                        07/30/21  21:51  ADS NASTRAN VERSION 14.0.0.202  PAGE     37
 
 
 SUBCASE 2                                                           SUBCASE 2
 
 
 
 
 
 
 
 
 
 MAXIMUM STIFFNESS MATRIX DIAGONAL =  5.9483E+07  AT GRID 6812  COMPONENT 2
 MINIMUM STIFFNESS MATRIX DIAGONAL =  1.6302E+05  AT GRID 16743 COMPONENT 1
 
 
 
 
 
 
 
                                                                        07/30/21  21:51  ADS NASTRAN VERSION 14.0.0.202  PAGE     38
 
 
 
 
 
 
 
 
 
 GLOBAL STIFFNESS MATRIX ITERATIVE SOLUTION STATISTICS
 
 NUMBER OF SOLUTION ITERATIONS = 0
 FINAL CONVERGENCE FACTOR      = 1.000E-06
 
 
 
 
 
 
 
                                                                        07/30/21  21:51  ADS NASTRAN VERSION 14.0.0.202  PAGE     39
 
 
 
 
                                      A N A L Y S I S   D I R E C T I V E   D E F I N I T I O N
 
 
 
 BUFFEREDDECKREAD = ON
 BULKDATAOUT      = OFF
 BULKDATASORT     = ON
 DATABASE         = pkfd50uhz.NDB
 DECOMPAUTOSIZE   = 50000
 DECOMPMETHOD     = PCGLSS
 DISKSTATUS       = ON
 DYNRSLTMETHOD    = AUTO
 ELAPSEDTIME      = OFF
 EXTRACTAUTOSIZE  = 10000
 EXTRACTMETHOD    = LANCZOS
 FEMAPRSLTVECTID  = ON
 FILEBUFFERSIZE1  = 100
 FILEBUFFERSIZE2  = 100
 FILEBUFFERSIZE3  = 100
 FILEBUFFERSIZE4  = 100
 FILESIGNATURE    = D5PD
 FILESPEC1        = C:\ProgramData\Autodesk\Nastran 2020\Temp\NDBD5PD.TMP\
 FILESPEC2        = C:\ProgramData\Autodesk\Nastran 2020\Temp\NDBD5PD.TMP\
 FILESPEC3        = C:\ProgramData\Autodesk\Nastran 2020\Temp\NDBD5PD.TMP\
 FILESPEC4        = C:\ProgramData\Autodesk\Nastran 2020\Temp\NDBD5PD.TMP\
 GPWEIGHTMETHOD   = VECTOR
 INCRGEOMOUT      = OFF
 INCRRSLTOUT      = OFF
 INMEMORYIO       = ON
 LEFTMARGIN       = 1
 LICENSEMANAGER   = ADLM
 LINE             = 75
 MAXRAM           = 0
 MEMORYSTATUS     = ON
 MINRAM           = 0
 MODLDATAFORMAT   = 3
 MODLDATAOUT      = ON
 MODLINITOUT      = ON
 MODLSTATUS       = DISPLAY
 NDISKS           = 1
 NFILEBUFFER1     = 1
 NFILEBUFFER2     = 1
 NFILEBUFFER3     = 1
 NFILEBUFFER4     = 1
 NPROCESSORS      = 2
 PROCESSPRIORITY  = NORMAL
 OPTIMIZESETTINGS = NONE
 OUTCONTSYMBOL    = OFF
 OUTDISPGEOMMODE  = 1
 OUTDISPSETID     = 100
 OUTLOADSETID     = 100
 OUTPAGEFORMAT    = OFF
 OUTGRIDOFFSET    = 100000
 OUTSPCSETID      = 100
 OUTSTRNSETID     = 100
 OUTTEMPSETID     = 100
 OUTZEROVECT      = OFF
 PCHFILEDBLEPRCS  = OFF
 PCHFILETYPE      = NASTRAN
 PURGE            = ON
 RAM              = 9720
 RESERVEDRAM      = 0
 RESTART          = OFF
 RSLTFILEDBLEPRCS = OFF
 
 
 
 
 
 
                                                                        07/30/21  21:51  ADS NASTRAN VERSION 14.0.0.202  PAGE     40
 
 
 
 
                                      A N A L Y S I S   D I R E C T I V E   D E F I N I T I O N
 
 
 
 RSLTFILEFORMAT   = PLATFORM
 RSLTFILEPURGE    = ON
 RSLTFILETYPE     = FEMAP BINARY
 RSLTLABEL        = 1
 RSPECDISPMETHOD  = NODAL
 RSPECVECTMETHOD  = OFF
 SECONDS          = ON
 OUTGEOMFILETYPE  = 2
 SYSTEMSTATUS     = OFF
 TOPTENGINE       = AUTO
 TRSLDDAMDATA     = OFF
 TRSLDFGMDATA     = OFF
 TRSLDISPDATA     = OFF
 TRSLDMIDATA      = OFF
 TRSLLOADDATA     = OFF
 TRSLMODLDATA     = OFF
 TRSLPRESDATA     = OFF
 TRSLRBSEDATA     = OFF
 TRSLSPCDATA      = OFF
 TRSLSTRNDATA     = OFF
 TRSLTEMPDATA     = OFF
 TRSLTOQEDATA     = OFF
 SHELLEGRID       = OFF
 SOLIDEGRID       = OFF
 WAITFORLICENSE   = 3
 XYPLOTCSVOUT     = OFF
 
 
 
 
 
 
 
                                                                        07/30/21  21:51  ADS NASTRAN VERSION 14.0.0.202  PAGE     41
 
 
 
 
                                      A N A L Y S I S   P A R A M E T E R   D E F I N I T I O N
 
 
 
 ACBPRESSET       = 0
 ACBREFPRES       = 0.000000E+00
 ACBVC            = 0.000000E+00
 ADAPTLNCONTACT   = AUTO
 ADAPTTIMESTEP    = OFF
 ADDNLTOQUADLOAD  = OFF
 ADDPRESTRESS     = ON
 ADDPSDAFREQ      = OFF
 ALIGNEDGENODE    = OFF
 ALPHA            = 0.000000E+00
 ALTFAILINDEXFORM = OFF
 AUTOBPD          = OFF
 AUTOCORDROTATE   = ON
 AUTOFIXELEMGEOM  = ON
 AUTOFIXRIGIDELEM = ON
 AUTOFIXRIGIDSPC  = OFF
 AUTOSPC          = ON
 BARDKMETHOD      = BOTH
 BAREQVLOAD       = ON
 BETA             = 0.000000E+00
 BISECT           = ON
 BOLTPRELOADTOL   = 0.000000E+00
 BPDEFDIAG        = 0.000000E+00
 CB1              = 1.000000E+00
 CB2              = 1.000000E+00
 CK1              = 1.000000E+00
 CK2              = 1.000000E+00
 CLOSE            = 1.000000E+00
 CM1              = 1.000000E+00
 CM2              = 1.000000E+00
 COMPE1RSF        = DISABLE
 COMPE2RSF        = DISABLE
 COMPE3RSF        = DISABLE
 COMPG12RSF       = DISABLE
 COMPG23RSF       = DISABLE
 COMPG31RSF       = DISABLE
 COMPILSMETHOD    = COMPONENT
 COMPK1           = AUTO
 COMPK2           = AUTO
 COMPRSLTOUT      = ON
 CONTACTGEN       = DISABLE
 CONTACTTOL       = AUTO
 CONTACTSTAB      = OFF
 CONVMATRIX       = OFF
 COUPMASS         = OFF
 CP1              = 1.000000E+00
 CP2              = 1.000000E+00
 CYSYMGEN         = 0
 CYSYMTOL         = 1.000000E-10
 DATABASEACCEL    = ON
 DDAMPHASE        = 0
 DELTASTRAINEGOUT = OFF
 DFREQ            = 1.000000E-05
 DIRSTRESSTYPE    = 0
 DISPGEOMSFACT    = 1.000000E+00
 DMILABEL         =
 DMIPDIAG         = OFF
 DYNLMDIRECTDIF   = OFF
 DYNRESPEIGVOUT   = OFF
 DYNSOLACCEL      = ON
 
 
 
 
 
 
                                                                        07/30/21  21:51  ADS NASTRAN VERSION 14.0.0.202  PAGE     42
 
 
 
 
                                      A N A L Y S I S   P A R A M E T E R   D E F I N I T I O N
 
 
 
 DYNSOLDIRECTINT  = ON
 DYNSOLRELGRID    = 0
 EDGENODETOL      = AUTO
 EIGENFLEXFREQ    = 1.000000E-01
 EIGENSHIFTSFACT  = 1.000000E+04
 EIGENSOLACCEL    = ON
 ELEMGEOMCHECKS   = OFF
 ELEMGEOMFATAL    = OFF
 ELEMGEOMOUT      = OFF
 ELEMRSLTCORD     = MATERIAL
 ELEMRSLTMAXTYPE  = MAXCORNER
 EMODES           = 30
 ENHCBARRSLT      = OFF
 ENHCCONTACTRSLT  = OFF
 ENHCQUADRSLT     = OFF
 EPSILONFLOAT     = 1.000000E-15
 EQVSTRESSTYPE    = 0
 FACTDIAG         = 1.000000E-10
 FACTRATIOTOL     = 1.000000E+05
 FIXNLTOQUAD      = ON
 FLOATINZERO      = 1.000000E-15
 FLOATOUTZERO     = 1.000000E-15
 FREQRESPRSLTINCR = 10
 FREQRESPRSLTOUT  = ON
 G                = 0.000000E+00
 GPFORCEMETHOD    = NASTRAN
 GPRSLTAVEMETHOD  = INVARIANT
 GPSTRESS         = OFF
 GPWEIGHT         = ON
 GRDPNT           = 0
 GRIDCOLTOL       = 0.000000E+00
 GRIDTEMPASGN     = OFF
 GRIDTEMPAVE      = OFF
 HEXARTOL         = 1.000000E+02
 HEXENODE         = OFF
 HEXFACEMAXIATOL  = 1.650000E+02
 HEXFACEMINIATOL  = 2.500000E+01
 HEXFACESKEWTOL   = 6.500000E+01
 HEXFACETAPERTOL  = 7.500000E-01
 HEXFACEWARPTOL   = 4.500000E+01
 HEXINODE         = OFF
 HEXMAXEPADTOL    = 3.000000E+01
 HEXMINEPLRTOL    = 5.000000E-01
 HEXREDORD        = ON
 HFREQ            = 1.000000E+30
 HPNLMATREDORD    = AUTO
 HPNLMATSFACT     = AUTO
 INERTIALRELIEF   = OFF
 INITSLINEKSFACT  = 1.000000E-02
 INITSTRAINSFACT  = 1.000000E+00
 J4ROT            = AUTO
 KDAMP            = 1
 K6ROT            = 1.000000E+02
 KRIGIDELEM       = 1.359897E+09
 LANCZOSVECT      = OFF
 LANGLE           = GIMBAL
 LARC02TSAITOL    = 2.000000E+00
 LFREQ            = 0.000000E+00
 LGDISP           = 0
 LINEARCONTACT    = OFF
 
 
 
 
 
 
                                                                        07/30/21  21:51  ADS NASTRAN VERSION 14.0.0.202  PAGE     43
 
 
 
 
                                      A N A L Y S I S   P A R A M E T E R   D E F I N I T I O N
 
 
 
 LMODES           = 0
 LNCONTACTITERTOL = 1.000000E-02
 M6ROT            = 0.000000E+00
 MAXADJEDGE       = 100
 MAXBISECTRESTART = OFF
 MAXEIGENRESTART  = 5
 MAXELEMGEOMMSG   = 58071
 MAXIMPACTSTEP    = 0
 MAXINCREFSTRAINP = AUTO
 MAXLNCONTACTITER = -1
 MAXSPARSEITER    = AUTO
 MAXSRITER        = 100
 MAXTOPTITER      = 200
 MECHSTRAIN       = OFF
 MINSPARSEITER    = 50
 MODALDATABASE    = DELETE
 MODEFSPCSTORE    = ON
 MODEPFACTOR      = ON
 MODEVAROUT       = OFF
 NBEAMINTNODE     = 2
 NCBMODE          = 1
 NCONTACTGEOMITER = 1
 NDAMP            = 1.000000E-02
 NITERCUPDATE     = AUTO
 NITERKSUPDATE    = 3
 NITERMUPDATE     = 3
 NITERPFUPDATE    = 1
 NITERSUPDATE     = 8
 NLAYERS          = 10
 NLCOMPPLYFAIL    = OFF
 NLINDATABASE     = DELETE
 NLINDATALOADSF   = AUTO
 NLINSOLACCEL     = 4
 NLINSOLTOL       = 2
 NLKDIAGAFACT     = 0.000000E+00
 NLKDIAGCOMP      = 123456
 NLKDIAGMINAFACT  = 0.000000E+00
 NLKDIAGSET       = 0
 NLLSSTRAINTYPE   = LOG
 NLLSSTRESSTYPE   = CAUCHY
 NLMATSFACT       = AUTO
 NLMATTABLGEN     = 0.000000E+00
 NLNPDKRESET      = OFF
 NLSUBCREINIT     = OFF
 NLTOL            = 2
 NLTOQUAD         = ON
 NLTRUESTRESS     = OFF
 NOCOMPS          = OFF
 NRBCHECKMODES    = 0
 NSUBINCRBISECT   = 200
 NTOPTSTRESSDIV   = 10
 OPTION           = ABS
 OUTSETTOL        = 1.000000E-05
 PARTGEOMOUT      = ON
 PARTMASSOUT      = OFF
 PCGLSSDMI        = OFF
 PENTARTOL        = 1.000000E+02
 PENTEGRID        = OFF
 PENTFACEMAXIATOL = 1.650000E+02
 PENTFACEMINIATOL = 2.500000E+01
 
 
 
 
 
 
                                                                        07/30/21  21:51  ADS NASTRAN VERSION 14.0.0.202  PAGE     44
 
 
 
 
                                      A N A L Y S I S   P A R A M E T E R   D E F I N I T I O N
 
 
 
 PENTFACESKEWTOL  = 6.500000E+01
 PENTFACETAPERTOL = 7.500000E-01
 PENTFACEWARPTOL  = 4.500000E+01
 PENTMAXEPADTOL   = 3.000000E+01
 PENTMINEPLRTOL   = 5.000000E-01
 PENTREDORD       = ON
 PRGPST           = ON
 PYRARTOL         = 1.000000E+02
 PYREGRID         = OFF
 PYRFACEMAXIATOL  = 1.700000E+02
 PYRFACEMINIATOL  = 5.000000E+00
 PYRFACESKEWTOL   = 8.000000E+01
 PYRFACETAPERTOL  = 7.500000E-01
 PYRFACEWARPTOL   = 4.500000E+01
 PYRMAXEPADTOL    = 3.000000E+01
 PYRMINEPLRTOL    = 5.000000E-01
 PYRREDORD        = ON
 QUADARTOL        = 1.000000E+02
 QUADBNDREDORD    = ON
 QUADELEMTYPE     = SRI
 QUADEQVLOAD      = OFF
 QUADINODE        = OFF
 QUADMAXEPADTOL   = 3.000000E+01
 QUADMAXIATOL     = 1.650000E+02
 QUADMEMREDORD    = ON
 QUADMINEPLRTOL   = 5.000000E-01
 QUADMINIATOL     = 2.500000E+01
 QUADRNODE        = OFF
 QUADSECT         = OFF
 QUADSKEWTOL      = 6.500000E+01
 QUADTAPERTOL     = 7.500000E-01
 QUADWARPLIMIT    = 4.500000E+01
 QUADWARPTOL      = 4.500000E+01
 RADMATRIX        = ON
 RANDRESPINVLEVEL = 1
 RANDRESPRSLTOUT  = ON
 RBCHECKLEVEL     = 0
 RBCHECKMODES     = 0
 RESEQGRID        = OFF
 RESEQGRIDMETHOD  = AUTO
 RESEQSTARTGRID   = 0
 RESVEC           = OFF
 RESVPGF          = 1.000000E-06
 RIGIDBODYMODE    = AUTO
 RIGIDELEM2ELAS   = OFF
 RIGIDELEMCORD    = AUTO
 RIGIDELEMTYPE    = RBE
 ROTINERTIA       = OFF
 RSPECTRA         = OFF
 RSLTDATABASE     = DELETE
 RSLTFILECOMP     = OFF
 SCRSPEC          = OFF
 SHEARELEMTYPE    = NASTRAN
 SHELLTVSMATTYPE  = FLEXIBLE
 SIGMA            = 0.000000E+00
 SKINGEN          = DISABLE
 SLINEEDGENORMTOL = 6.000000E+01
 SLINEFACENORMTOL = 3.000000E+01
 SLINEKAVG        = OFF
 SLINEKSFACT      = 1.000000E+00
 
 
 
 
 
 
                                                                        07/30/21  21:51  ADS NASTRAN VERSION 14.0.0.202  PAGE     45
 
 
 
 
                                      A N A L Y S I S   P A R A M E T E R   D E F I N I T I O N
 
 
 
 SLINEKSFACT2TC   = OFF
 SLINEMAXACTCORD  = 0
 SLINEMAXACTDIR   = XYZ
 SLINEMAXACTDIST  = AUTO
 SLINEMAXACTRATIO = 0.000000E+00
 SLINEMAXACTWIDTH = AUTO
 SLINEMAXDISPTOL  = 1.000000E-04
 SLINEMAXPENDIST  = AUTO
 SLINEOFFSETTOL   = AUTO
 SLINEOPENKSFACT  = 1.000000E-10
 SLINEPENTOL      = 2.000000E-01
 SLINEPOSTOL      = 1.000000E-02
 SLINEPROTOL      = AUTO
 SLINEPLANEZDIR   = 3
 SLINESLIDETYPE   = DYNAMIC
 SLINESTABKSFACT  = 0.000000E+00
 SLINESTABOPTION  = 0
 SLINESTRESSLOC   = MASTER
 SLINEUNLOADTOL   = 1.000000E-10
 SOLUTIONERROR    = OFF
 SORTMODEMASS     = ON
 SPARSEITERMETHOD = PRIMAL
 SPARSEITERMODE   = 1
 SPARSEITERTOL    = 1.000000E-06
 SPARSEMETHOD     = SOLID
 SPCGEN           = OFF
 STIFFRATIOTOL    = 1.000000E-08
 STIFFZEROTOL     = 1.000000E-15
 STRENGTHRATIO    = OFF
 STRESSERROR      = ON
 TABS             = 0.000000E+00
 TETARTOL         = 1.000000E+02
 TEMPDEPCOMP      = OFF
 TETEGRID         = OFF
 TETFACEMAXIATOL  = 1.700000E+02
 TETFACEMINIATOL  = 1.000000E+01
 TETFACESKEWTOL   = 8.000000E+01
 TETINODE         = OFF
 TETMAXEPADTOL    = 3.000000E+01
 TETMINEPLRTOL    = 5.000000E-01
 TETREDORD        = ON
 TOPTALMMETHOD    = 1
 TOPTBTHRESHOLD   = 5.000000E-01
 TOPTCOMPINDEX    = 1.000000E+10
 TOPTDATABASE     = DELETE
 TOPTDEPXITER     = 1
 TOPTDESIGNCONSTR = 1.000000E+10
 TOPTDESIGNREGION = 1
 TOPTDESIGNTOL    = 1.000000E-10
 TOPTGEN          = DISABLE
 TOPTGLBDMETHOD   = 3
 TOPTGLBSMETHOD   = 3
 TOPTITERTOL      = -1.000000E+00
 TOPTMANCONSTR    = DISABLE
 TOPTMANCORD      = 0
 TOPTMANDIR       = XY
 TOPTMAXACTDIST   = 0.000000E+00
 TOPTMAXALPHA     = AUTO
 TOPTMAXBETA      = AUTO
 TOPTMAXPNORMEXP  = 0.000000E+00
 
 
 
 
 
 
                                                                        07/30/21  21:51  ADS NASTRAN VERSION 14.0.0.202  PAGE     46
 
 
 
 
                                      A N A L Y S I S   P A R A M E T E R   D E F I N I T I O N
 
 
 
 TRIARTOL         = 1.000000E+02
 TRIBNDEDORD      = ON
 TRIELEMTYPE      = DKT
 TRIEQVLOAD       = OFF
 TRIMAXEPADTOL    = 3.000000E+01
 TRIMAXIATOL      = 1.700000E+02
 TRIMEMREDORD     = ON
 TRIMINEPLRTOL    = 5.000000E-01
 TRIMINIATOL      = 1.000000E+01
 TRIRNODE         = OFF
 TRISKEWTOL       = 6.500000E+01
 TSAI2LARC02      = ON
 TSAI2MCT         = OFF
 TSAI2MCTBVF      = AUTO
 TSAI2MCTFVF      = AUTO
 UNITS            = MM---
 UNRESEQGRID      = ON
 VFM2ACB          = OFF
 VFMADDMETHOD     = ASSEMBLY
 VFMINTERACTTOL   = 1.000000E-10
 VFMNORMTOL       = 3.000000E+01
 USAWETSURFACE    = 0
 W3               = 0.000000E+00
 W4               = 0.000000E+00
 WARNING          = ON
 WTMASS           = 1.000000E+00
 WTMASSMETHOD     = NORAN
 XDAMP            = ON
 ZERONPDELEMMASS  = OFF
 ZONADATAOUT      = OFF
 
 
 
 
 
 
 
                                                                        07/30/21  21:51  ADS NASTRAN VERSION 14.0.0.202  PAGE     47
 
 
 
 
 
 
 
 
 
 EXECUTION TERMINATED DUE TO DISPLAYED ERROR(S)
 
 TOTAL WARNINGS     = 573
 TOTAL FATAL ERRORS = 1
 
 
 
 
 
 
