Information: Configuration: FANUC Turning
Information: Vendor: Fanuc
Information: Posting intermediate data to 'C:\Users\Public\D\Desktop\Trash\Manufacturing-Technology-1-Project\Src\Codes\standCircular.nc'
Information: Total number of warnings: 1
Error: Failed to post process. See below for details.
...
Code page changed to '1252  (ANSI - Latin I)'
Start time: Monday, August 2, 2021 7:25:01 AM
Loading locale from 'C:\Users\Public\Documents\Autodesk\Inventor CAM\Posts\common.en.lang'
Code page changed to '20127 (US-ASCII)'
Post processor engine: 4.5609.0
Configuration path: C:\Users\Public\Documents\Autodesk\Inventor CAM\Posts\fanuc turning.cps
Include paths: C:\Users\Public\Documents\Autodesk\Inventor CAM\Posts
Configuration modification date: Monday, February 10, 2020 10:05:00 PM
Output path: C:\Users\Public\D\Desktop\Trash\Manufacturing-Technology-1-Project\Src\Codes\standCircular.nc
Checksum of intermediate NC data: 544bc6fa8b828c9ff380d6637fc0df04
Checksum of configuration: 13ae43b56a222f9c6b3ffa95a57eea43
Vendor url: http://www.fanuc.com
Legal: Copyright (C) 2012-2019 by Autodesk, Inc.
Generated by: Inventor CAM Ultimate 7.3.1.20023
...
Warning: Work offset has not been specified. Using G54 as WCS.

###############################################################################
Error: Command PART_CATCHER_ON is not defined.
Error at line: 267
Error in operation: 'Part1'
Failed while processing onSection() for record 1437.
###############################################################################

Error: Failed to invoke function 'onSection'.
Error: Failed to invoke 'onSection' in the post configuration.
Error: Failed to execute configuration.
Stop time: Monday, August 2, 2021 7:25:01 AM
Post processing failed.
